[1.940s] Invoking command in '/home/putra-adnyana/kuliah/magang-bayucaraka/FP-Bayucaraka/programming/revisi/ros_ws/src/crane': PYTHONPATH=/home/putra-adnyana/kuliah/magang-bayucaraka/FP-Bayucaraka/programming/revisi/ros_ws/build/crane/prefix_override:/usr/lib/python3/dist-packages/colcon_core/task/python/colcon_distutils_commands:/home/putra-adnyana/kuliah/magang-bayucaraka/FP-Bayucaraka/programming/revisi/ros_ws/install/crane/lib/python3.10/site-packages:${PYTHONPATH} /usr/bin/python3 -W ignore:setup.py install is deprecated -W ignore:easy_install command is deprecated setup.py egg_info --egg-base ../../build/crane build --build-base /home/putra-adnyana/kuliah/magang-bayucaraka/FP-Bayucaraka/programming/revisi/ros_ws/build/crane/build install --record /home/putra-adnyana/kuliah/magang-bayucaraka/FP-Bayucaraka/programming/revisi/ros_ws/build/crane/install.log --single-version-externally-managed install_data
[2.353s] running egg_info
[2.401s] writing ../../build/crane/crane.egg-info/PKG-INFO
[2.403s] writing dependency_links to ../../build/crane/crane.egg-info/dependency_links.txt
[2.404s] writing entry points to ../../build/crane/crane.egg-info/entry_points.txt
[2.405s] writing requirements to ../../build/crane/crane.egg-info/requires.txt
[2.405s] writing top-level names to ../../build/crane/crane.egg-info/top_level.txt
[2.451s] reading manifest file '../../build/crane/crane.egg-info/SOURCES.txt'
[2.452s] writing manifest file '../../build/crane/crane.egg-info/SOURCES.txt'
[2.452s] running build
[2.452s] running build_py
[2.452s] copying crane/__init__.py -> /home/putra-adnyana/kuliah/magang-bayucaraka/FP-Bayucaraka/programming/revisi/ros_ws/build/crane/build/lib/crane
[2.454s] running install
[2.458s] running install_lib
[2.483s] running install_data
[2.484s] copying resource/crane -> /home/putra-adnyana/kuliah/magang-bayucaraka/FP-Bayucaraka/programming/revisi/ros_ws/install/crane/share/ament_index/resource_index/packages
[2.484s] copying package.xml -> /home/putra-adnyana/kuliah/magang-bayucaraka/FP-Bayucaraka/programming/revisi/ros_ws/install/crane/share/crane
[2.484s] running install_egg_info
[2.510s] removing '/home/putra-adnyana/kuliah/magang-bayucaraka/FP-Bayucaraka/programming/revisi/ros_ws/install/crane/lib/python3.10/site-packages/crane-0.0.0-py3.10.egg-info' (and everything under it)
[2.511s] Copying ../../build/crane/crane.egg-info to /home/putra-adnyana/kuliah/magang-bayucaraka/FP-Bayucaraka/programming/revisi/ros_ws/install/crane/lib/python3.10/site-packages/crane-0.0.0-py3.10.egg-info
[2.512s] running install_scripts
[2.537s] Installing crane script to /home/putra-adnyana/kuliah/magang-bayucaraka/FP-Bayucaraka/programming/revisi/ros_ws/install/crane/lib/crane
[2.538s] writing list of installed files to '/home/putra-adnyana/kuliah/magang-bayucaraka/FP-Bayucaraka/programming/revisi/ros_ws/build/crane/install.log'
[2.567s] Invoked command in '/home/putra-adnyana/kuliah/magang-bayucaraka/FP-Bayucaraka/programming/revisi/ros_ws/src/crane' returned '0': PYTHONPATH=/home/putra-adnyana/kuliah/magang-bayucaraka/FP-Bayucaraka/programming/revisi/ros_ws/build/crane/prefix_override:/usr/lib/python3/dist-packages/colcon_core/task/python/colcon_distutils_commands:/home/putra-adnyana/kuliah/magang-bayucaraka/FP-Bayucaraka/programming/revisi/ros_ws/install/crane/lib/python3.10/site-packages:${PYTHONPATH} /usr/bin/python3 -W ignore:setup.py install is deprecated -W ignore:easy_install command is deprecated setup.py egg_info --egg-base ../../build/crane build --build-base /home/putra-adnyana/kuliah/magang-bayucaraka/FP-Bayucaraka/programming/revisi/ros_ws/build/crane/build install --record /home/putra-adnyana/kuliah/magang-bayucaraka/FP-Bayucaraka/programming/revisi/ros_ws/build/crane/install.log --single-version-externally-managed install_data
