[1.226s] Invoking command in '/home/putra-adnyana/kuliah/magang-bayucaraka/FP-Bayucaraka/programming/original/src/ros_ws/src/crane': PYTHONPATH=/home/putra-adnyana/kuliah/magang-bayucaraka/FP-Bayucaraka/programming/original/src/ros_ws/build/crane/prefix_override:/usr/lib/python3/dist-packages/colcon_core/task/python/colcon_distutils_commands:/home/putra-adnyana/kuliah/magang-bayucaraka/FP-Bayucaraka/programming/original/src/ros_ws/install/crane/lib/python3.10/site-packages:${PYTHONPATH} /usr/bin/python3 -W ignore:setup.py install is deprecated -W ignore:easy_install command is deprecated setup.py egg_info --egg-base ../../build/crane build --build-base /home/putra-adnyana/kuliah/magang-bayucaraka/FP-Bayucaraka/programming/original/src/ros_ws/build/crane/build install --record /home/putra-adnyana/kuliah/magang-bayucaraka/FP-Bayucaraka/programming/original/src/ros_ws/build/crane/install.log --single-version-externally-managed install_data
[1.500s] running egg_info
[1.519s] writing ../../build/crane/crane.egg-info/PKG-INFO
[1.519s] writing dependency_links to ../../build/crane/crane.egg-info/dependency_links.txt
[1.520s] writing entry points to ../../build/crane/crane.egg-info/entry_points.txt
[1.520s] writing requirements to ../../build/crane/crane.egg-info/requires.txt
[1.520s] writing top-level names to ../../build/crane/crane.egg-info/top_level.txt
[1.559s] reading manifest file '../../build/crane/crane.egg-info/SOURCES.txt'
[1.561s] writing manifest file '../../build/crane/crane.egg-info/SOURCES.txt'
[1.561s] running build
[1.561s] running build_py
[1.561s] copying crane/old.py -> /home/putra-adnyana/kuliah/magang-bayucaraka/FP-Bayucaraka/programming/original/src/ros_ws/build/crane/build/lib/crane
[1.561s] copying crane/__init__.py -> /home/putra-adnyana/kuliah/magang-bayucaraka/FP-Bayucaraka/programming/original/src/ros_ws/build/crane/build/lib/crane
[1.562s] running install
[1.566s] running install_lib
[1.584s] running install_data
[1.585s] copying resource/crane -> /home/putra-adnyana/kuliah/magang-bayucaraka/FP-Bayucaraka/programming/original/src/ros_ws/install/crane/share/ament_index/resource_index/packages
[1.585s] copying package.xml -> /home/putra-adnyana/kuliah/magang-bayucaraka/FP-Bayucaraka/programming/original/src/ros_ws/install/crane/share/crane
[1.585s] running install_egg_info
[1.603s] removing '/home/putra-adnyana/kuliah/magang-bayucaraka/FP-Bayucaraka/programming/original/src/ros_ws/install/crane/lib/python3.10/site-packages/crane-0.0.0-py3.10.egg-info' (and everything under it)
[1.604s] Copying ../../build/crane/crane.egg-info to /home/putra-adnyana/kuliah/magang-bayucaraka/FP-Bayucaraka/programming/original/src/ros_ws/install/crane/lib/python3.10/site-packages/crane-0.0.0-py3.10.egg-info
[1.605s] running install_scripts
[1.644s] Installing crane script to /home/putra-adnyana/kuliah/magang-bayucaraka/FP-Bayucaraka/programming/original/src/ros_ws/install/crane/lib/crane
[1.645s] writing list of installed files to '/home/putra-adnyana/kuliah/magang-bayucaraka/FP-Bayucaraka/programming/original/src/ros_ws/build/crane/install.log'
[1.680s] Invoked command in '/home/putra-adnyana/kuliah/magang-bayucaraka/FP-Bayucaraka/programming/original/src/ros_ws/src/crane' returned '0': PYTHONPATH=/home/putra-adnyana/kuliah/magang-bayucaraka/FP-Bayucaraka/programming/original/src/ros_ws/build/crane/prefix_override:/usr/lib/python3/dist-packages/colcon_core/task/python/colcon_distutils_commands:/home/putra-adnyana/kuliah/magang-bayucaraka/FP-Bayucaraka/programming/original/src/ros_ws/install/crane/lib/python3.10/site-packages:${PYTHONPATH} /usr/bin/python3 -W ignore:setup.py install is deprecated -W ignore:easy_install command is deprecated setup.py egg_info --egg-base ../../build/crane build --build-base /home/putra-adnyana/kuliah/magang-bayucaraka/FP-Bayucaraka/programming/original/src/ros_ws/build/crane/build install --record /home/putra-adnyana/kuliah/magang-bayucaraka/FP-Bayucaraka/programming/original/src/ros_ws/build/crane/install.log --single-version-externally-managed install_data
