[2.445s] Invoking command in '/home/putra-adnyana/kuliah/magang-bayucaraka/fp/src/ros_ws/src/camera': PYTHONPATH=/home/putra-adnyana/kuliah/magang-bayucaraka/fp/src/ros_ws/build/camera/prefix_override:/usr/lib/python3/dist-packages/colcon_core/task/python/colcon_distutils_commands:/home/putra-adnyana/kuliah/magang-bayucaraka/fp/src/ros_ws/install/camera/lib/python3.10/site-packages:${PYTHONPATH} VIRTUAL_ENV_PROMPT=(.venv) /usr/bin/python3 -W ignore:setup.py install is deprecated -W ignore:easy_install command is deprecated setup.py egg_info --egg-base ../../build/camera build --build-base /home/putra-adnyana/kuliah/magang-bayucaraka/fp/src/ros_ws/build/camera/build install --record /home/putra-adnyana/kuliah/magang-bayucaraka/fp/src/ros_ws/build/camera/install.log --single-version-externally-managed install_data
[3.042s] running egg_info
[3.079s] writing ../../build/camera/camera.egg-info/PKG-INFO
[3.080s] writing dependency_links to ../../build/camera/camera.egg-info/dependency_links.txt
[3.081s] writing entry points to ../../build/camera/camera.egg-info/entry_points.txt
[3.081s] writing requirements to ../../build/camera/camera.egg-info/requires.txt
[3.081s] writing top-level names to ../../build/camera/camera.egg-info/top_level.txt
[3.163s] reading manifest file '../../build/camera/camera.egg-info/SOURCES.txt'
[3.166s] writing manifest file '../../build/camera/camera.egg-info/SOURCES.txt'
[3.168s] running build
[3.168s] running build_py
[3.168s] copying camera/__init__.py -> /home/putra-adnyana/kuliah/magang-bayucaraka/fp/src/ros_ws/build/camera/build/lib/camera
[3.168s] running install
[3.179s] running install_lib
[3.219s] copying /home/putra-adnyana/kuliah/magang-bayucaraka/fp/src/ros_ws/build/camera/build/lib/camera/__init__.py -> /home/putra-adnyana/kuliah/magang-bayucaraka/fp/src/ros_ws/install/camera/lib/python3.10/site-packages/camera
[3.220s] byte-compiling /home/putra-adnyana/kuliah/magang-bayucaraka/fp/src/ros_ws/install/camera/lib/python3.10/site-packages/camera/__init__.py to __init__.cpython-310.pyc
[3.226s] running install_data
[3.227s] copying resource/camera -> /home/putra-adnyana/kuliah/magang-bayucaraka/fp/src/ros_ws/install/camera/share/ament_index/resource_index/packages
[3.227s] copying package.xml -> /home/putra-adnyana/kuliah/magang-bayucaraka/fp/src/ros_ws/install/camera/share/camera
[3.228s] running install_egg_info
[3.271s] removing '/home/putra-adnyana/kuliah/magang-bayucaraka/fp/src/ros_ws/install/camera/lib/python3.10/site-packages/camera-0.0.0-py3.10.egg-info' (and everything under it)
[3.271s] Copying ../../build/camera/camera.egg-info to /home/putra-adnyana/kuliah/magang-bayucaraka/fp/src/ros_ws/install/camera/lib/python3.10/site-packages/camera-0.0.0-py3.10.egg-info
[3.274s] running install_scripts
[3.354s] Installing camera script to /home/putra-adnyana/kuliah/magang-bayucaraka/fp/src/ros_ws/install/camera/lib/camera
[3.355s] writing list of installed files to '/home/putra-adnyana/kuliah/magang-bayucaraka/fp/src/ros_ws/build/camera/install.log'
[3.434s] Invoked command in '/home/putra-adnyana/kuliah/magang-bayucaraka/fp/src/ros_ws/src/camera' returned '0': PYTHONPATH=/home/putra-adnyana/kuliah/magang-bayucaraka/fp/src/ros_ws/build/camera/prefix_override:/usr/lib/python3/dist-packages/colcon_core/task/python/colcon_distutils_commands:/home/putra-adnyana/kuliah/magang-bayucaraka/fp/src/ros_ws/install/camera/lib/python3.10/site-packages:${PYTHONPATH} VIRTUAL_ENV_PROMPT=(.venv) /usr/bin/python3 -W ignore:setup.py install is deprecated -W ignore:easy_install command is deprecated setup.py egg_info --egg-base ../../build/camera build --build-base /home/putra-adnyana/kuliah/magang-bayucaraka/fp/src/ros_ws/build/camera/build install --record /home/putra-adnyana/kuliah/magang-bayucaraka/fp/src/ros_ws/build/camera/install.log --single-version-externally-managed install_data
