[2.339s] Invoking command in '/home/putra-adnyana/kuliah/magang-bayucaraka/fp/src/ros_ws/src/crane': PYTHONPATH=/home/putra-adnyana/kuliah/magang-bayucaraka/fp/src/ros_ws/build/crane/prefix_override:/usr/lib/python3/dist-packages/colcon_core/task/python/colcon_distutils_commands:/home/putra-adnyana/kuliah/magang-bayucaraka/fp/src/ros_ws/install/crane/lib/python3.10/site-packages:${PYTHONPATH} VIRTUAL_ENV_PROMPT=(.venv) /usr/bin/python3 -W ignore:setup.py install is deprecated -W ignore:easy_install command is deprecated setup.py egg_info --egg-base ../../build/crane build --build-base /home/putra-adnyana/kuliah/magang-bayucaraka/fp/src/ros_ws/build/crane/build install --record /home/putra-adnyana/kuliah/magang-bayucaraka/fp/src/ros_ws/build/crane/install.log --single-version-externally-managed install_data
[2.901s] running egg_info
[2.938s] writing ../../build/crane/crane.egg-info/PKG-INFO
[2.940s] writing dependency_links to ../../build/crane/crane.egg-info/dependency_links.txt
[2.940s] writing entry points to ../../build/crane/crane.egg-info/entry_points.txt
[2.941s] writing requirements to ../../build/crane/crane.egg-info/requires.txt
[2.941s] writing top-level names to ../../build/crane/crane.egg-info/top_level.txt
[3.016s] reading manifest file '../../build/crane/crane.egg-info/SOURCES.txt'
[3.019s] writing manifest file '../../build/crane/crane.egg-info/SOURCES.txt'
[3.019s] running build
[3.019s] running build_py
[3.020s] copying crane/__init__.py -> /home/putra-adnyana/kuliah/magang-bayucaraka/fp/src/ros_ws/build/crane/build/lib/crane
[3.020s] running install
[3.030s] running install_lib
[3.068s] running install_data
[3.068s] copying resource/crane -> /home/putra-adnyana/kuliah/magang-bayucaraka/fp/src/ros_ws/install/crane/share/ament_index/resource_index/packages
[3.069s] copying package.xml -> /home/putra-adnyana/kuliah/magang-bayucaraka/fp/src/ros_ws/install/crane/share/crane
[3.069s] running install_egg_info
[3.109s] removing '/home/putra-adnyana/kuliah/magang-bayucaraka/fp/src/ros_ws/install/crane/lib/python3.10/site-packages/crane-0.0.0-py3.10.egg-info' (and everything under it)
[3.110s] Copying ../../build/crane/crane.egg-info to /home/putra-adnyana/kuliah/magang-bayucaraka/fp/src/ros_ws/install/crane/lib/python3.10/site-packages/crane-0.0.0-py3.10.egg-info
[3.113s] running install_scripts
[3.188s] Installing crane script to /home/putra-adnyana/kuliah/magang-bayucaraka/fp/src/ros_ws/install/crane/lib/crane
[3.189s] writing list of installed files to '/home/putra-adnyana/kuliah/magang-bayucaraka/fp/src/ros_ws/build/crane/install.log'
[3.253s] Invoked command in '/home/putra-adnyana/kuliah/magang-bayucaraka/fp/src/ros_ws/src/crane' returned '0': PYTHONPATH=/home/putra-adnyana/kuliah/magang-bayucaraka/fp/src/ros_ws/build/crane/prefix_override:/usr/lib/python3/dist-packages/colcon_core/task/python/colcon_distutils_commands:/home/putra-adnyana/kuliah/magang-bayucaraka/fp/src/ros_ws/install/crane/lib/python3.10/site-packages:${PYTHONPATH} VIRTUAL_ENV_PROMPT=(.venv) /usr/bin/python3 -W ignore:setup.py install is deprecated -W ignore:easy_install command is deprecated setup.py egg_info --egg-base ../../build/crane build --build-base /home/putra-adnyana/kuliah/magang-bayucaraka/fp/src/ros_ws/build/crane/build install --record /home/putra-adnyana/kuliah/magang-bayucaraka/fp/src/ros_ws/build/crane/install.log --single-version-externally-managed install_data
