[0.745s] Invoking command in '/home/putra-adnyana/kuliah/magang-bayucaraka/fp/src/ros_ws/src/crane': PYTHONPATH=/home/putra-adnyana/kuliah/magang-bayucaraka/fp/src/ros_ws/build/crane/prefix_override:/usr/lib/python3/dist-packages/colcon_core/task/python/colcon_distutils_commands:/home/putra-adnyana/kuliah/magang-bayucaraka/fp/src/ros_ws/install/crane/lib/python3.10/site-packages:${PYTHONPATH} /usr/bin/python3 -W ignore:setup.py install is deprecated -W ignore:easy_install command is deprecated setup.py egg_info --egg-base ../../build/crane build --build-base /home/putra-adnyana/kuliah/magang-bayucaraka/fp/src/ros_ws/build/crane/build install --record /home/putra-adnyana/kuliah/magang-bayucaraka/fp/src/ros_ws/build/crane/install.log --single-version-externally-managed install_data
[0.918s] running egg_info
[0.930s] writing ../../build/crane/crane.egg-info/PKG-INFO
[0.931s] writing dependency_links to ../../build/crane/crane.egg-info/dependency_links.txt
[0.931s] writing entry points to ../../build/crane/crane.egg-info/entry_points.txt
[0.932s] writing requirements to ../../build/crane/crane.egg-info/requires.txt
[0.932s] writing top-level names to ../../build/crane/crane.egg-info/top_level.txt
[0.956s] reading manifest file '../../build/crane/crane.egg-info/SOURCES.txt'
[0.957s] writing manifest file '../../build/crane/crane.egg-info/SOURCES.txt'
[0.957s] running build
[0.957s] running build_py
[0.958s] copying crane/__init__.py -> /home/putra-adnyana/kuliah/magang-bayucaraka/fp/src/ros_ws/build/crane/build/lib/crane
[0.958s] running install
[0.961s] running install_lib
[0.972s] copying /home/putra-adnyana/kuliah/magang-bayucaraka/fp/src/ros_ws/build/crane/build/lib/crane/__init__.py -> /home/putra-adnyana/kuliah/magang-bayucaraka/fp/src/ros_ws/install/crane/lib/python3.10/site-packages/crane
[0.973s] byte-compiling /home/putra-adnyana/kuliah/magang-bayucaraka/fp/src/ros_ws/install/crane/lib/python3.10/site-packages/crane/__init__.py to __init__.cpython-310.pyc
[0.973s] running install_data
[0.974s] copying resource/crane -> /home/putra-adnyana/kuliah/magang-bayucaraka/fp/src/ros_ws/install/crane/share/ament_index/resource_index/packages
[0.974s] copying package.xml -> /home/putra-adnyana/kuliah/magang-bayucaraka/fp/src/ros_ws/install/crane/share/crane
[0.974s] running install_egg_info
[0.986s] removing '/home/putra-adnyana/kuliah/magang-bayucaraka/fp/src/ros_ws/install/crane/lib/python3.10/site-packages/crane-0.0.0-py3.10.egg-info' (and everything under it)
[0.986s] Copying ../../build/crane/crane.egg-info to /home/putra-adnyana/kuliah/magang-bayucaraka/fp/src/ros_ws/install/crane/lib/python3.10/site-packages/crane-0.0.0-py3.10.egg-info
[0.987s] running install_scripts
[1.011s] Installing crane script to /home/putra-adnyana/kuliah/magang-bayucaraka/fp/src/ros_ws/install/crane/lib/crane
[1.011s] writing list of installed files to '/home/putra-adnyana/kuliah/magang-bayucaraka/fp/src/ros_ws/build/crane/install.log'
[1.046s] Invoked command in '/home/putra-adnyana/kuliah/magang-bayucaraka/fp/src/ros_ws/src/crane' returned '0': PYTHONPATH=/home/putra-adnyana/kuliah/magang-bayucaraka/fp/src/ros_ws/build/crane/prefix_override:/usr/lib/python3/dist-packages/colcon_core/task/python/colcon_distutils_commands:/home/putra-adnyana/kuliah/magang-bayucaraka/fp/src/ros_ws/install/crane/lib/python3.10/site-packages:${PYTHONPATH} /usr/bin/python3 -W ignore:setup.py install is deprecated -W ignore:easy_install command is deprecated setup.py egg_info --egg-base ../../build/crane build --build-base /home/putra-adnyana/kuliah/magang-bayucaraka/fp/src/ros_ws/build/crane/build install --record /home/putra-adnyana/kuliah/magang-bayucaraka/fp/src/ros_ws/build/crane/install.log --single-version-externally-managed install_data
