[0.266s] [34mcolcon[0m [1;30mDEBUG[0m [32mCommand line arguments: ['/usr/bin/colcon', 'build'][0m
[0.267s] [34mcolcon[0m [1;30mDEBUG[0m [32mParsed command line arguments: Namespace(log_base=None, log_level=None, verb_name='build', build_base='build', install_base='install', merge_install=False, symlink_install=False, test_result_base=None, continue_on_error=False, executor='parallel', parallel_workers=16, event_handlers=None, ignore_user_meta=False, metas=['./colcon.meta'], base_paths=['.'], packages_ignore=None, packages_ignore_regex=None, paths=None, packages_up_to=None, packages_up_to_regex=None, packages_above=None, packages_above_and_dependencies=None, packages_above_depth=None, packages_select_by_dep=None, packages_skip_by_dep=None, packages_skip_up_to=None, packages_select_build_failed=False, packages_skip_build_finished=False, packages_select_test_failures=False, packages_skip_test_passed=False, packages_select=None, packages_skip=None, packages_select_regex=None, packages_skip_regex=None, packages_start=None, packages_end=None, allow_overriding=[], cmake_args=None, cmake_target=None, cmake_target_skip_unavailable=False, cmake_clean_cache=False, cmake_clean_first=False, cmake_force_configure=False, ament_cmake_args=None, catkin_cmake_args=None, catkin_skip_building_tests=False, mixin_files=None, mixin=None, verb_parser=<colcon_mixin.mixin.mixin_argument.MixinArgumentDecorator object at 0x76b5ffc399f0>, verb_extension=<colcon_core.verb.build.BuildVerb object at 0x76b5ffdb6ef0>, main=<bound method BuildVerb.main of <colcon_core.verb.build.BuildVerb object at 0x76b5ffdb6ef0>>, mixin_verb=('build',))[0m
[0.361s] [34mcolcon.colcon_core.package_discovery[0m [1;30mLevel 1[0m discover_packages(colcon_meta) check parameters
[0.361s] [34mcolcon.colcon_core.package_discovery[0m [1;30mLevel 1[0m discover_packages(recursive) check parameters
[0.361s] [34mcolcon.colcon_core.package_discovery[0m [1;30mLevel 1[0m discover_packages(ignore) check parameters
[0.361s] [34mcolcon.colcon_core.package_discovery[0m [1;30mLevel 1[0m discover_packages(path) check parameters
[0.361s] [34mcolcon.colcon_core.package_discovery[0m [1;30mLevel 1[0m discover_packages(colcon_meta) discover
[0.361s] [34mcolcon.colcon_core.package_discovery[0m [1;30mLevel 1[0m discover_packages(recursive) discover
[0.361s] [34mcolcon.colcon_core.package_discovery[0m [1;30mINFO[0m Crawling recursively for packages in '/home/putra-adnyana/kuliah/magang-bayucaraka/fp/src/ros_ws'
[0.362s] [34mcolcon.colcon_core.package_identification[0m [1;30mLevel 1[0m _identify(.) by extensions ['ignore', 'ignore_ament_install']
[0.362s] [34mcolcon.colcon_core.package_identification[0m [1;30mLevel 1[0m _identify(.) by extension 'ignore'
[0.362s] [34mcolcon.colcon_core.package_identification[0m [1;30mLevel 1[0m _identify(.) by extension 'ignore_ament_install'
[0.362s] [34mcolcon.colcon_core.package_identification[0m [1;30mLevel 1[0m _identify(.) by extensions ['colcon_pkg']
[0.362s] [34mcolcon.colcon_core.package_identification[0m [1;30mLevel 1[0m _identify(.) by extension 'colcon_pkg'
[0.362s] [34mcolcon.colcon_core.package_identification[0m [1;30mLevel 1[0m _identify(.) by extensions ['colcon_meta']
[0.362s] [34mcolcon.colcon_core.package_identification[0m [1;30mLevel 1[0m _identify(.) by extension 'colcon_meta'
[0.363s] [34mcolcon.colcon_core.package_identification[0m [1;30mLevel 1[0m _identify(.) by extensions ['ros']
[0.363s] [34mcolcon.colcon_core.package_identification[0m [1;30mLevel 1[0m _identify(.) by extension 'ros'
[0.427s] [34mcolcon.colcon_core.package_identification[0m [1;30mLevel 1[0m _identify(.) by extensions ['cmake', 'python']
[0.427s] [34mcolcon.colcon_core.package_identification[0m [1;30mLevel 1[0m _identify(.) by extension 'cmake'
[0.427s] [34mcolcon.colcon_core.package_identification[0m [1;30mLevel 1[0m _identify(.) by extension 'python'
[0.427s] [34mcolcon.colcon_core.package_identification[0m [1;30mLevel 1[0m _identify(.) by extensions ['python_setup_py']
[0.427s] [34mcolcon.colcon_core.package_identification[0m [1;30mLevel 1[0m _identify(.) by extension 'python_setup_py'
[0.428s] [34mcolcon.colcon_core.package_identification[0m [1;30mLevel 1[0m _identify(build) by extensions ['ignore', 'ignore_ament_install']
[0.428s] [34mcolcon.colcon_core.package_identification[0m [1;30mLevel 1[0m _identify(build) by extension 'ignore'
[0.428s] [34mcolcon.colcon_core.package_identification[0m [1;30mLevel 1[0m _identify(build) ignored
[0.428s] [34mcolcon.colcon_core.package_identification[0m [1;30mLevel 1[0m _identify(install) by extensions ['ignore', 'ignore_ament_install']
[0.428s] [34mcolcon.colcon_core.package_identification[0m [1;30mLevel 1[0m _identify(install) by extension 'ignore'
[0.429s] [34mcolcon.colcon_core.package_identification[0m [1;30mLevel 1[0m _identify(install) ignored
[0.429s] [34mcolcon.colcon_core.package_identification[0m [1;30mLevel 1[0m _identify(log) by extensions ['ignore', 'ignore_ament_install']
[0.429s] [34mcolcon.colcon_core.package_identification[0m [1;30mLevel 1[0m _identify(log) by extension 'ignore'
[0.430s] [34mcolcon.colcon_core.package_identification[0m [1;30mLevel 1[0m _identify(log) ignored
[0.430s] [34mcolcon.colcon_core.package_identification[0m [1;30mLevel 1[0m _identify(src) by extensions ['ignore', 'ignore_ament_install']
[0.430s] [34mcolcon.colcon_core.package_identification[0m [1;30mLevel 1[0m _identify(src) by extension 'ignore'
[0.430s] [34mcolcon.colcon_core.package_identification[0m [1;30mLevel 1[0m _identify(src) by extension 'ignore_ament_install'
[0.430s] [34mcolcon.colcon_core.package_identification[0m [1;30mLevel 1[0m _identify(src) by extensions ['colcon_pkg']
[0.430s] [34mcolcon.colcon_core.package_identification[0m [1;30mLevel 1[0m _identify(src) by extension 'colcon_pkg'
[0.430s] [34mcolcon.colcon_core.package_identification[0m [1;30mLevel 1[0m _identify(src) by extensions ['colcon_meta']
[0.430s] [34mcolcon.colcon_core.package_identification[0m [1;30mLevel 1[0m _identify(src) by extension 'colcon_meta'
[0.431s] [34mcolcon.colcon_core.package_identification[0m [1;30mLevel 1[0m _identify(src) by extensions ['ros']
[0.431s] [34mcolcon.colcon_core.package_identification[0m [1;30mLevel 1[0m _identify(src) by extension 'ros'
[0.431s] [34mcolcon.colcon_core.package_identification[0m [1;30mLevel 1[0m _identify(src) by extensions ['cmake', 'python']
[0.431s] [34mcolcon.colcon_core.package_identification[0m [1;30mLevel 1[0m _identify(src) by extension 'cmake'
[0.431s] [34mcolcon.colcon_core.package_identification[0m [1;30mLevel 1[0m _identify(src) by extension 'python'
[0.431s] [34mcolcon.colcon_core.package_identification[0m [1;30mLevel 1[0m _identify(src) by extensions ['python_setup_py']
[0.431s] [34mcolcon.colcon_core.package_identification[0m [1;30mLevel 1[0m _identify(src) by extension 'python_setup_py'
[0.431s] [34mcolcon.colcon_core.package_identification[0m [1;30mLevel 1[0m _identify(src/camera) by extensions ['ignore', 'ignore_ament_install']
[0.432s] [34mcolcon.colcon_core.package_identification[0m [1;30mLevel 1[0m _identify(src/camera) by extension 'ignore'
[0.432s] [34mcolcon.colcon_core.package_identification[0m [1;30mLevel 1[0m _identify(src/camera) by extension 'ignore_ament_install'
[0.432s] [34mcolcon.colcon_core.package_identification[0m [1;30mLevel 1[0m _identify(src/camera) by extensions ['colcon_pkg']
[0.432s] [34mcolcon.colcon_core.package_identification[0m [1;30mLevel 1[0m _identify(src/camera) by extension 'colcon_pkg'
[0.432s] [34mcolcon.colcon_core.package_identification[0m [1;30mLevel 1[0m _identify(src/camera) by extensions ['colcon_meta']
[0.432s] [34mcolcon.colcon_core.package_identification[0m [1;30mLevel 1[0m _identify(src/camera) by extension 'colcon_meta'
[0.432s] [34mcolcon.colcon_core.package_identification[0m [1;30mLevel 1[0m _identify(src/camera) by extensions ['ros']
[0.432s] [34mcolcon.colcon_core.package_identification[0m [1;30mLevel 1[0m _identify(src/camera) by extension 'ros'
[0.438s] [34mcolcon.colcon_core.package_identification[0m [1;30mDEBUG[0m [32mPackage 'src/camera' with type 'ros.ament_python' and name 'camera'[0m
[0.438s] [34mcolcon.colcon_core.package_identification[0m [1;30mLevel 1[0m _identify(src/crane) by extensions ['ignore', 'ignore_ament_install']
[0.438s] [34mcolcon.colcon_core.package_identification[0m [1;30mLevel 1[0m _identify(src/crane) by extension 'ignore'
[0.438s] [34mcolcon.colcon_core.package_identification[0m [1;30mLevel 1[0m _identify(src/crane) by extension 'ignore_ament_install'
[0.438s] [34mcolcon.colcon_core.package_identification[0m [1;30mLevel 1[0m _identify(src/crane) by extensions ['colcon_pkg']
[0.438s] [34mcolcon.colcon_core.package_identification[0m [1;30mLevel 1[0m _identify(src/crane) by extension 'colcon_pkg'
[0.439s] [34mcolcon.colcon_core.package_identification[0m [1;30mLevel 1[0m _identify(src/crane) by extensions ['colcon_meta']
[0.439s] [34mcolcon.colcon_core.package_identification[0m [1;30mLevel 1[0m _identify(src/crane) by extension 'colcon_meta'
[0.439s] [34mcolcon.colcon_core.package_identification[0m [1;30mLevel 1[0m _identify(src/crane) by extensions ['ros']
[0.439s] [34mcolcon.colcon_core.package_identification[0m [1;30mLevel 1[0m _identify(src/crane) by extension 'ros'
[0.440s] [34mcolcon.colcon_core.package_identification[0m [1;30mDEBUG[0m [32mPackage 'src/crane' with type 'ros.ament_python' and name 'crane'[0m
[0.440s] [34mcolcon.colcon_core.package_identification[0m [1;30mLevel 1[0m _identify(src/crane_interface) by extensions ['ignore', 'ignore_ament_install']
[0.440s] [34mcolcon.colcon_core.package_identification[0m [1;30mLevel 1[0m _identify(src/crane_interface) by extension 'ignore'
[0.441s] [34mcolcon.colcon_core.package_identification[0m [1;30mLevel 1[0m _identify(src/crane_interface) by extension 'ignore_ament_install'
[0.441s] [34mcolcon.colcon_core.package_identification[0m [1;30mLevel 1[0m _identify(src/crane_interface) by extensions ['colcon_pkg']
[0.441s] [34mcolcon.colcon_core.package_identification[0m [1;30mLevel 1[0m _identify(src/crane_interface) by extension 'colcon_pkg'
[0.441s] [34mcolcon.colcon_core.package_identification[0m [1;30mLevel 1[0m _identify(src/crane_interface) by extensions ['colcon_meta']
[0.441s] [34mcolcon.colcon_core.package_identification[0m [1;30mLevel 1[0m _identify(src/crane_interface) by extension 'colcon_meta'
[0.441s] [34mcolcon.colcon_core.package_identification[0m [1;30mLevel 1[0m _identify(src/crane_interface) by extensions ['ros']
[0.441s] [34mcolcon.colcon_core.package_identification[0m [1;30mLevel 1[0m _identify(src/crane_interface) by extension 'ros'
[0.442s] [34mcolcon.colcon_core.package_identification[0m [1;30mDEBUG[0m [32mPackage 'src/crane_interface' with type 'ros.ament_cmake' and name 'crane_interface'[0m
[0.442s] [34mcolcon.colcon_core.package_identification[0m [1;30mLevel 1[0m _identify(src/dummy_crane) by extensions ['ignore', 'ignore_ament_install']
[0.443s] [34mcolcon.colcon_core.package_identification[0m [1;30mLevel 1[0m _identify(src/dummy_crane) by extension 'ignore'
[0.443s] [34mcolcon.colcon_core.package_identification[0m [1;30mLevel 1[0m _identify(src/dummy_crane) by extension 'ignore_ament_install'
[0.443s] [34mcolcon.colcon_core.package_identification[0m [1;30mLevel 1[0m _identify(src/dummy_crane) by extensions ['colcon_pkg']
[0.443s] [34mcolcon.colcon_core.package_identification[0m [1;30mLevel 1[0m _identify(src/dummy_crane) by extension 'colcon_pkg'
[0.443s] [34mcolcon.colcon_core.package_identification[0m [1;30mLevel 1[0m _identify(src/dummy_crane) by extensions ['colcon_meta']
[0.443s] [34mcolcon.colcon_core.package_identification[0m [1;30mLevel 1[0m _identify(src/dummy_crane) by extension 'colcon_meta'
[0.443s] [34mcolcon.colcon_core.package_identification[0m [1;30mLevel 1[0m _identify(src/dummy_crane) by extensions ['ros']
[0.443s] [34mcolcon.colcon_core.package_identification[0m [1;30mLevel 1[0m _identify(src/dummy_crane) by extension 'ros'
[0.444s] [34mcolcon.colcon_core.package_identification[0m [1;30mDEBUG[0m [32mPackage 'src/dummy_crane' with type 'ros.ament_python' and name 'dummy_crane'[0m
[0.445s] [34mcolcon.colcon_core.package_discovery[0m [1;30mLevel 1[0m discover_packages(recursive) using defaults
[0.445s] [34mcolcon.colcon_core.package_discovery[0m [1;30mLevel 1[0m discover_packages(ignore) discover
[0.445s] [34mcolcon.colcon_core.package_discovery[0m [1;30mLevel 1[0m discover_packages(ignore) using defaults
[0.445s] [34mcolcon.colcon_core.package_discovery[0m [1;30mLevel 1[0m discover_packages(path) discover
[0.445s] [34mcolcon.colcon_core.package_discovery[0m [1;30mLevel 1[0m discover_packages(path) using defaults
[0.480s] [34mcolcon.colcon_core.package_discovery[0m [1;30mLevel 1[0m discover_packages(prefix_path) check parameters
[0.480s] [34mcolcon.colcon_core.package_discovery[0m [1;30mLevel 1[0m discover_packages(prefix_path) discover
[0.485s] [34mcolcon.colcon_installed_package_information.package_discovery[0m [1;30mDEBUG[0m [32mFound 279 installed packages in /opt/ros/humble[0m
[0.488s] [34mcolcon.colcon_core.package_discovery[0m [1;30mLevel 1[0m discover_packages(prefix_path) using defaults
[0.582s] [34mcolcon.colcon_core.verb[0m [1;30mLevel 5[0m set package 'camera' build argument 'cmake_args' from command line to 'None'
[0.582s] [34mcolcon.colcon_core.verb[0m [1;30mLevel 5[0m set package 'camera' build argument 'cmake_target' from command line to 'None'
[0.582s] [34mcolcon.colcon_core.verb[0m [1;30mLevel 5[0m set package 'camera' build argument 'cmake_target_skip_unavailable' from command line to 'False'
[0.582s] [34mcolcon.colcon_core.verb[0m [1;30mLevel 5[0m set package 'camera' build argument 'cmake_clean_cache' from command line to 'False'
[0.582s] [34mcolcon.colcon_core.verb[0m [1;30mLevel 5[0m set package 'camera' build argument 'cmake_clean_first' from command line to 'False'
[0.582s] [34mcolcon.colcon_core.verb[0m [1;30mLevel 5[0m set package 'camera' build argument 'cmake_force_configure' from command line to 'False'
[0.582s] [34mcolcon.colcon_core.verb[0m [1;30mLevel 5[0m set package 'camera' build argument 'ament_cmake_args' from command line to 'None'
[0.583s] [34mcolcon.colcon_core.verb[0m [1;30mLevel 5[0m set package 'camera' build argument 'catkin_cmake_args' from command line to 'None'
[0.583s] [34mcolcon.colcon_core.verb[0m [1;30mLevel 5[0m set package 'camera' build argument 'catkin_skip_building_tests' from command line to 'False'
[0.583s] [34mcolcon.colcon_core.verb[0m [1;30mDEBUG[0m [32mBuilding package 'camera' with the following arguments: {'ament_cmake_args': None, 'build_base': '/home/putra-adnyana/kuliah/magang-bayucaraka/fp/src/ros_ws/build/camera', 'catkin_cmake_args': None, 'catkin_skip_building_tests': False, 'cmake_args': None, 'cmake_clean_cache': False, 'cmake_clean_first': False, 'cmake_force_configure': False, 'cmake_target': None, 'cmake_target_skip_unavailable': False, 'install_base': '/home/putra-adnyana/kuliah/magang-bayucaraka/fp/src/ros_ws/install/camera', 'merge_install': False, 'path': '/home/putra-adnyana/kuliah/magang-bayucaraka/fp/src/ros_ws/src/camera', 'symlink_install': False, 'test_result_base': None}[0m
[0.583s] [34mcolcon.colcon_core.verb[0m [1;30mLevel 5[0m set package 'crane' build argument 'cmake_args' from command line to 'None'
[0.584s] [34mcolcon.colcon_core.verb[0m [1;30mLevel 5[0m set package 'crane' build argument 'cmake_target' from command line to 'None'
[0.584s] [34mcolcon.colcon_core.verb[0m [1;30mLevel 5[0m set package 'crane' build argument 'cmake_target_skip_unavailable' from command line to 'False'
[0.584s] [34mcolcon.colcon_core.verb[0m [1;30mLevel 5[0m set package 'crane' build argument 'cmake_clean_cache' from command line to 'False'
[0.584s] [34mcolcon.colcon_core.verb[0m [1;30mLevel 5[0m set package 'crane' build argument 'cmake_clean_first' from command line to 'False'
[0.584s] [34mcolcon.colcon_core.verb[0m [1;30mLevel 5[0m set package 'crane' build argument 'cmake_force_configure' from command line to 'False'
[0.584s] [34mcolcon.colcon_core.verb[0m [1;30mLevel 5[0m set package 'crane' build argument 'ament_cmake_args' from command line to 'None'
[0.584s] [34mcolcon.colcon_core.verb[0m [1;30mLevel 5[0m set package 'crane' build argument 'catkin_cmake_args' from command line to 'None'
[0.584s] [34mcolcon.colcon_core.verb[0m [1;30mLevel 5[0m set package 'crane' build argument 'catkin_skip_building_tests' from command line to 'False'
[0.584s] [34mcolcon.colcon_core.verb[0m [1;30mDEBUG[0m [32mBuilding package 'crane' with the following arguments: {'ament_cmake_args': None, 'build_base': '/home/putra-adnyana/kuliah/magang-bayucaraka/fp/src/ros_ws/build/crane', 'catkin_cmake_args': None, 'catkin_skip_building_tests': False, 'cmake_args': None, 'cmake_clean_cache': False, 'cmake_clean_first': False, 'cmake_force_configure': False, 'cmake_target': None, 'cmake_target_skip_unavailable': False, 'install_base': '/home/putra-adnyana/kuliah/magang-bayucaraka/fp/src/ros_ws/install/crane', 'merge_install': False, 'path': '/home/putra-adnyana/kuliah/magang-bayucaraka/fp/src/ros_ws/src/crane', 'symlink_install': False, 'test_result_base': None}[0m
[0.585s] [34mcolcon.colcon_core.verb[0m [1;30mLevel 5[0m set package 'crane_interface' build argument 'cmake_args' from command line to 'None'
[0.585s] [34mcolcon.colcon_core.verb[0m [1;30mLevel 5[0m set package 'crane_interface' build argument 'cmake_target' from command line to 'None'
[0.585s] [34mcolcon.colcon_core.verb[0m [1;30mLevel 5[0m set package 'crane_interface' build argument 'cmake_target_skip_unavailable' from command line to 'False'
[0.585s] [34mcolcon.colcon_core.verb[0m [1;30mLevel 5[0m set package 'crane_interface' build argument 'cmake_clean_cache' from command line to 'False'
[0.585s] [34mcolcon.colcon_core.verb[0m [1;30mLevel 5[0m set package 'crane_interface' build argument 'cmake_clean_first' from command line to 'False'
[0.585s] [34mcolcon.colcon_core.verb[0m [1;30mLevel 5[0m set package 'crane_interface' build argument 'cmake_force_configure' from command line to 'False'
[0.585s] [34mcolcon.colcon_core.verb[0m [1;30mLevel 5[0m set package 'crane_interface' build argument 'ament_cmake_args' from command line to 'None'
[0.585s] [34mcolcon.colcon_core.verb[0m [1;30mLevel 5[0m set package 'crane_interface' build argument 'catkin_cmake_args' from command line to 'None'
[0.585s] [34mcolcon.colcon_core.verb[0m [1;30mLevel 5[0m set package 'crane_interface' build argument 'catkin_skip_building_tests' from command line to 'False'
[0.585s] [34mcolcon.colcon_core.verb[0m [1;30mDEBUG[0m [32mBuilding package 'crane_interface' with the following arguments: {'ament_cmake_args': None, 'build_base': '/home/putra-adnyana/kuliah/magang-bayucaraka/fp/src/ros_ws/build/crane_interface', 'catkin_cmake_args': None, 'catkin_skip_building_tests': False, 'cmake_args': None, 'cmake_clean_cache': False, 'cmake_clean_first': False, 'cmake_force_configure': False, 'cmake_target': None, 'cmake_target_skip_unavailable': False, 'install_base': '/home/putra-adnyana/kuliah/magang-bayucaraka/fp/src/ros_ws/install/crane_interface', 'merge_install': False, 'path': '/home/putra-adnyana/kuliah/magang-bayucaraka/fp/src/ros_ws/src/crane_interface', 'symlink_install': False, 'test_result_base': None}[0m
[0.586s] [34mcolcon.colcon_core.verb[0m [1;30mLevel 5[0m set package 'dummy_crane' build argument 'cmake_args' from command line to 'None'
[0.586s] [34mcolcon.colcon_core.verb[0m [1;30mLevel 5[0m set package 'dummy_crane' build argument 'cmake_target' from command line to 'None'
[0.586s] [34mcolcon.colcon_core.verb[0m [1;30mLevel 5[0m set package 'dummy_crane' build argument 'cmake_target_skip_unavailable' from command line to 'False'
[0.586s] [34mcolcon.colcon_core.verb[0m [1;30mLevel 5[0m set package 'dummy_crane' build argument 'cmake_clean_cache' from command line to 'False'
[0.586s] [34mcolcon.colcon_core.verb[0m [1;30mLevel 5[0m set package 'dummy_crane' build argument 'cmake_clean_first' from command line to 'False'
[0.586s] [34mcolcon.colcon_core.verb[0m [1;30mLevel 5[0m set package 'dummy_crane' build argument 'cmake_force_configure' from command line to 'False'
[0.586s] [34mcolcon.colcon_core.verb[0m [1;30mLevel 5[0m set package 'dummy_crane' build argument 'ament_cmake_args' from command line to 'None'
[0.586s] [34mcolcon.colcon_core.verb[0m [1;30mLevel 5[0m set package 'dummy_crane' build argument 'catkin_cmake_args' from command line to 'None'
[0.586s] [34mcolcon.colcon_core.verb[0m [1;30mLevel 5[0m set package 'dummy_crane' build argument 'catkin_skip_building_tests' from command line to 'False'
[0.586s] [34mcolcon.colcon_core.verb[0m [1;30mDEBUG[0m [32mBuilding package 'dummy_crane' with the following arguments: {'ament_cmake_args': None, 'build_base': '/home/putra-adnyana/kuliah/magang-bayucaraka/fp/src/ros_ws/build/dummy_crane', 'catkin_cmake_args': None, 'catkin_skip_building_tests': False, 'cmake_args': None, 'cmake_clean_cache': False, 'cmake_clean_first': False, 'cmake_force_configure': False, 'cmake_target': None, 'cmake_target_skip_unavailable': False, 'install_base': '/home/putra-adnyana/kuliah/magang-bayucaraka/fp/src/ros_ws/install/dummy_crane', 'merge_install': False, 'path': '/home/putra-adnyana/kuliah/magang-bayucaraka/fp/src/ros_ws/src/dummy_crane', 'symlink_install': False, 'test_result_base': None}[0m
[0.587s] [34mcolcon.colcon_core.executor[0m [1;30mINFO[0m Executing jobs using 'parallel' executor
[0.589s] [34mcolcon.colcon_parallel_executor.executor.parallel[0m [1;30mDEBUG[0m [32mrun_until_complete[0m
[0.589s] [34mcolcon.colcon_ros.task.ament_python.build[0m [1;30mINFO[0m Building ROS package in '/home/putra-adnyana/kuliah/magang-bayucaraka/fp/src/ros_ws/src/camera' with build type 'ament_python'
[0.590s] [34mcolcon.colcon_core.shell[0m [1;30mLevel 1[0m create_environment_hook('camera', 'ament_prefix_path')
[0.595s] [34mcolcon.colcon_core.plugin_system[0m [1;30mINFO[0m Skipping extension 'colcon_core.shell.bat': Not used on non-Windows systems
[0.595s] [34mcolcon.colcon_core.shell[0m [1;30mINFO[0m Creating environment hook '/home/putra-adnyana/kuliah/magang-bayucaraka/fp/src/ros_ws/install/camera/share/camera/hook/ament_prefix_path.ps1'
[0.597s] [34mcolcon.colcon_core.shell[0m [1;30mINFO[0m Creating environment descriptor '/home/putra-adnyana/kuliah/magang-bayucaraka/fp/src/ros_ws/install/camera/share/camera/hook/ament_prefix_path.dsv'
[0.598s] [34mcolcon.colcon_core.shell[0m [1;30mINFO[0m Creating environment hook '/home/putra-adnyana/kuliah/magang-bayucaraka/fp/src/ros_ws/install/camera/share/camera/hook/ament_prefix_path.sh'
[0.600s] [34mcolcon.colcon_core.shell[0m [1;30mINFO[0m Skip shell extension 'powershell' for command environment: Not usable outside of PowerShell
[0.600s] [34mcolcon.colcon_core.shell[0m [1;30mDEBUG[0m [32mSkip shell extension 'dsv' for command environment[0m
[0.606s] [34mcolcon.colcon_ros.task.ament_python.build[0m [1;30mINFO[0m Building ROS package in '/home/putra-adnyana/kuliah/magang-bayucaraka/fp/src/ros_ws/src/crane' with build type 'ament_python'
[0.607s] [34mcolcon.colcon_core.shell[0m [1;30mLevel 1[0m create_environment_hook('crane', 'ament_prefix_path')
[0.608s] [34mcolcon.colcon_core.shell[0m [1;30mINFO[0m Creating environment hook '/home/putra-adnyana/kuliah/magang-bayucaraka/fp/src/ros_ws/install/crane/share/crane/hook/ament_prefix_path.ps1'
[0.609s] [34mcolcon.colcon_core.shell[0m [1;30mINFO[0m Creating environment descriptor '/home/putra-adnyana/kuliah/magang-bayucaraka/fp/src/ros_ws/install/crane/share/crane/hook/ament_prefix_path.dsv'
[0.610s] [34mcolcon.colcon_core.shell[0m [1;30mINFO[0m Creating environment hook '/home/putra-adnyana/kuliah/magang-bayucaraka/fp/src/ros_ws/install/crane/share/crane/hook/ament_prefix_path.sh'
[0.611s] [34mcolcon.colcon_core.shell[0m [1;30mINFO[0m Skip shell extension 'powershell' for command environment: Not usable outside of PowerShell
[0.612s] [34mcolcon.colcon_core.shell[0m [1;30mDEBUG[0m [32mSkip shell extension 'dsv' for command environment[0m
[0.617s] [34mcolcon.colcon_ros.task.ament_cmake.build[0m [1;30mINFO[0m Building ROS package in '/home/putra-adnyana/kuliah/magang-bayucaraka/fp/src/ros_ws/src/crane_interface' with build type 'ament_cmake'
[0.618s] [34mcolcon.colcon_cmake.task.cmake.build[0m [1;30mINFO[0m Building CMake package in '/home/putra-adnyana/kuliah/magang-bayucaraka/fp/src/ros_ws/src/crane_interface'
[0.618s] [34mcolcon.colcon_core.shell[0m [1;30mINFO[0m Skip shell extension 'powershell' for command environment: Not usable outside of PowerShell
[0.619s] [34mcolcon.colcon_core.shell[0m [1;30mDEBUG[0m [32mSkip shell extension 'dsv' for command environment[0m
[0.625s] [34mcolcon.colcon_ros.task.ament_python.build[0m [1;30mINFO[0m Building ROS package in '/home/putra-adnyana/kuliah/magang-bayucaraka/fp/src/ros_ws/src/dummy_crane' with build type 'ament_python'
[0.625s] [34mcolcon.colcon_core.shell[0m [1;30mLevel 1[0m create_environment_hook('dummy_crane', 'ament_prefix_path')
[0.626s] [34mcolcon.colcon_core.shell[0m [1;30mINFO[0m Creating environment hook '/home/putra-adnyana/kuliah/magang-bayucaraka/fp/src/ros_ws/install/dummy_crane/share/dummy_crane/hook/ament_prefix_path.ps1'
[0.627s] [34mcolcon.colcon_core.shell[0m [1;30mINFO[0m Creating environment descriptor '/home/putra-adnyana/kuliah/magang-bayucaraka/fp/src/ros_ws/install/dummy_crane/share/dummy_crane/hook/ament_prefix_path.dsv'
[0.627s] [34mcolcon.colcon_core.shell[0m [1;30mINFO[0m Creating environment hook '/home/putra-adnyana/kuliah/magang-bayucaraka/fp/src/ros_ws/install/dummy_crane/share/dummy_crane/hook/ament_prefix_path.sh'
[0.628s] [34mcolcon.colcon_core.shell[0m [1;30mINFO[0m Skip shell extension 'powershell' for command environment: Not usable outside of PowerShell
[0.628s] [34mcolcon.colcon_core.shell[0m [1;30mDEBUG[0m [32mSkip shell extension 'dsv' for command environment[0m
[1.100s] [34mcolcon.colcon_core.task.python.build[0m [1;30mINFO[0m Building Python package in '/home/putra-adnyana/kuliah/magang-bayucaraka/fp/src/ros_ws/src/camera'
[1.101s] [34mcolcon.colcon_core.shell[0m [1;30mINFO[0m Skip shell extension 'powershell' for command environment: Not usable outside of PowerShell
[1.101s] [34mcolcon.colcon_core.shell[0m [1;30mDEBUG[0m [32mSkip shell extension 'dsv' for command environment[0m
[1.563s] [34mcolcon.colcon_core.task.python.build[0m [1;30mINFO[0m Building Python package in '/home/putra-adnyana/kuliah/magang-bayucaraka/fp/src/ros_ws/src/crane'
[1.564s] [34mcolcon.colcon_core.shell[0m [1;30mINFO[0m Skip shell extension 'powershell' for command environment: Not usable outside of PowerShell
[1.564s] [34mcolcon.colcon_core.shell[0m [1;30mDEBUG[0m [32mSkip shell extension 'dsv' for command environment[0m
[1.575s] [34mcolcon.colcon_core.event_handler.log_command[0m [1;30mDEBUG[0m [32mInvoking command in '/home/putra-adnyana/kuliah/magang-bayucaraka/fp/src/ros_ws/build/crane_interface': CMAKE_PREFIX_PATH=/opt/ros/humble VIRTUAL_ENV_PROMPT=(.venv) /usr/bin/cmake /home/putra-adnyana/kuliah/magang-bayucaraka/fp/src/ros_ws/src/crane_interface -DCMAKE_INSTALL_PREFIX=/home/putra-adnyana/kuliah/magang-bayucaraka/fp/src/ros_ws/install/crane_interface[0m
[2.033s] [34mcolcon.colcon_core.task.python.build[0m [1;30mINFO[0m Building Python package in '/home/putra-adnyana/kuliah/magang-bayucaraka/fp/src/ros_ws/src/dummy_crane'
[2.034s] [34mcolcon.colcon_core.shell[0m [1;30mINFO[0m Skip shell extension 'powershell' for command environment: Not usable outside of PowerShell
[2.034s] [34mcolcon.colcon_core.shell[0m [1;30mDEBUG[0m [32mSkip shell extension 'dsv' for command environment[0m
[2.272s] [34mcolcon.colcon_core.event_handler.log_command[0m [1;30mDEBUG[0m [32mInvoked command in '/home/putra-adnyana/kuliah/magang-bayucaraka/fp/src/ros_ws/build/crane_interface' returned '1': CMAKE_PREFIX_PATH=/opt/ros/humble VIRTUAL_ENV_PROMPT=(.venv) /usr/bin/cmake /home/putra-adnyana/kuliah/magang-bayucaraka/fp/src/ros_ws/src/crane_interface -DCMAKE_INSTALL_PREFIX=/home/putra-adnyana/kuliah/magang-bayucaraka/fp/src/ros_ws/install/crane_interface[0m
[2.306s] [34mcolcon.colcon_core.environment[0m [1;30mLevel 1[0m create_environment_scripts_only(crane_interface)
[2.313s] [34mcolcon.colcon_core.environment[0m [1;30mLevel 1[0m checking '/home/putra-adnyana/kuliah/magang-bayucaraka/fp/src/ros_ws/install/crane_interface' for CMake module files
[2.314s] [34mcolcon.colcon_core.environment[0m [1;30mLevel 1[0m checking '/home/putra-adnyana/kuliah/magang-bayucaraka/fp/src/ros_ws/install/crane_interface' for CMake config files
[2.315s] [34mcolcon.colcon_core.environment[0m [1;30mLevel 1[0m checking '/home/putra-adnyana/kuliah/magang-bayucaraka/fp/src/ros_ws/install/crane_interface/bin'
[2.315s] [34mcolcon.colcon_core.environment[0m [1;30mLevel 1[0m checking '/home/putra-adnyana/kuliah/magang-bayucaraka/fp/src/ros_ws/install/crane_interface/lib/pkgconfig/crane_interface.pc'
[2.315s] [34mcolcon.colcon_core.environment[0m [1;30mLevel 1[0m checking '/home/putra-adnyana/kuliah/magang-bayucaraka/fp/src/ros_ws/install/crane_interface/lib/python3.10/site-packages'
[2.316s] [34mcolcon.colcon_core.environment[0m [1;30mLevel 1[0m checking '/home/putra-adnyana/kuliah/magang-bayucaraka/fp/src/ros_ws/install/crane_interface/bin'
[2.316s] [34mcolcon.colcon_core.shell[0m [1;30mINFO[0m Creating package script '/home/putra-adnyana/kuliah/magang-bayucaraka/fp/src/ros_ws/install/crane_interface/share/crane_interface/package.ps1'
[2.318s] [34mcolcon.colcon_core.shell[0m [1;30mINFO[0m Creating package descriptor '/home/putra-adnyana/kuliah/magang-bayucaraka/fp/src/ros_ws/install/crane_interface/share/crane_interface/package.dsv'
[2.319s] [34mcolcon.colcon_core.shell[0m [1;30mINFO[0m Creating package script '/home/putra-adnyana/kuliah/magang-bayucaraka/fp/src/ros_ws/install/crane_interface/share/crane_interface/package.sh'
[2.321s] [34mcolcon.colcon_core.shell[0m [1;30mINFO[0m Creating package script '/home/putra-adnyana/kuliah/magang-bayucaraka/fp/src/ros_ws/install/crane_interface/share/crane_interface/package.bash'
[2.322s] [34mcolcon.colcon_core.shell[0m [1;30mINFO[0m Creating package script '/home/putra-adnyana/kuliah/magang-bayucaraka/fp/src/ros_ws/install/crane_interface/share/crane_interface/package.zsh'
[2.324s] [34mcolcon.colcon_core.environment[0m [1;30mLevel 1[0m create_file_with_runtime_dependencies(/home/putra-adnyana/kuliah/magang-bayucaraka/fp/src/ros_ws/install/crane_interface/share/colcon-core/packages/crane_interface)
[2.986s] [34mcolcon.colcon_parallel_executor.executor.parallel[0m [1;30mDEBUG[0m [32mclosing loop[0m
[2.986s] [34mcolcon.colcon_parallel_executor.executor.parallel[0m [1;30mDEBUG[0m [32mloop closed[0m
[2.987s] [34mcolcon.colcon_parallel_executor.executor.parallel[0m [1;30mDEBUG[0m [32mrun_until_complete finished with '1'[0m
[2.987s] [34mcolcon.colcon_core.event_reactor[0m [1;30mDEBUG[0m [32mjoining thread[0m
[2.998s] [34mcolcon.colcon_core.plugin_system[0m [1;30mINFO[0m Skipping extension 'colcon_notification.desktop_notification.terminal_notifier': Not used on non-Darwin systems
[2.998s] [34mcolcon.colcon_core.plugin_system[0m [1;30mINFO[0m Skipping extension 'colcon_notification.desktop_notification.win32': Not used on non-Windows systems
[2.999s] [34mcolcon.colcon_notification.desktop_notification[0m [1;30mINFO[0m Sending desktop notification using 'notify2'
[3.022s] [34mcolcon.colcon_core.event_reactor[0m [1;30mDEBUG[0m [32mjoined thread[0m
[3.023s] [34mcolcon.colcon_core.shell[0m [1;30mINFO[0m Creating prefix script '/home/putra-adnyana/kuliah/magang-bayucaraka/fp/src/ros_ws/install/local_setup.ps1'
[3.025s] [34mcolcon.colcon_core.shell[0m [1;30mINFO[0m Creating prefix util module '/home/putra-adnyana/kuliah/magang-bayucaraka/fp/src/ros_ws/install/_local_setup_util_ps1.py'
[3.028s] [34mcolcon.colcon_core.shell[0m [1;30mINFO[0m Creating prefix chain script '/home/putra-adnyana/kuliah/magang-bayucaraka/fp/src/ros_ws/install/setup.ps1'
[3.030s] [34mcolcon.colcon_core.shell[0m [1;30mINFO[0m Creating prefix script '/home/putra-adnyana/kuliah/magang-bayucaraka/fp/src/ros_ws/install/local_setup.sh'
[3.031s] [34mcolcon.colcon_core.shell[0m [1;30mINFO[0m Creating prefix util module '/home/putra-adnyana/kuliah/magang-bayucaraka/fp/src/ros_ws/install/_local_setup_util_sh.py'
[3.032s] [34mcolcon.colcon_core.shell[0m [1;30mINFO[0m Creating prefix chain script '/home/putra-adnyana/kuliah/magang-bayucaraka/fp/src/ros_ws/install/setup.sh'
[3.035s] [34mcolcon.colcon_core.shell[0m [1;30mINFO[0m Creating prefix script '/home/putra-adnyana/kuliah/magang-bayucaraka/fp/src/ros_ws/install/local_setup.bash'
[3.036s] [34mcolcon.colcon_core.shell[0m [1;30mINFO[0m Creating prefix chain script '/home/putra-adnyana/kuliah/magang-bayucaraka/fp/src/ros_ws/install/setup.bash'
[3.038s] [34mcolcon.colcon_core.shell[0m [1;30mINFO[0m Creating prefix script '/home/putra-adnyana/kuliah/magang-bayucaraka/fp/src/ros_ws/install/local_setup.zsh'
[3.039s] [34mcolcon.colcon_core.shell[0m [1;30mINFO[0m Creating prefix chain script '/home/putra-adnyana/kuliah/magang-bayucaraka/fp/src/ros_ws/install/setup.zsh'
