[0.843s] Invoking command in '/home/putra-adnyana/kuliah/magang-bayucaraka/fp/src/ros_ws/dummy_crane': PYTHONPATH=/home/putra-adnyana/kuliah/magang-bayucaraka/fp/src/ros_ws/build/dummy_crane/prefix_override:/usr/lib/python3/dist-packages/colcon_core/task/python/colcon_distutils_commands:/home/putra-adnyana/kuliah/magang-bayucaraka/fp/src/ros_ws/install/dummy_crane/lib/python3.10/site-packages:${PYTHONPATH} VIRTUAL_ENV_PROMPT=(.venv) /usr/bin/python3 -W ignore:setup.py install is deprecated -W ignore:easy_install command is deprecated setup.py egg_info --egg-base ../build/dummy_crane build --build-base /home/putra-adnyana/kuliah/magang-bayucaraka/fp/src/ros_ws/build/dummy_crane/build install --record /home/putra-adnyana/kuliah/magang-bayucaraka/fp/src/ros_ws/build/dummy_crane/install.log --single-version-externally-managed install_data
[1.042s] running egg_info
[1.056s] writing ../build/dummy_crane/dummy_crane.egg-info/PKG-INFO
[1.057s] writing dependency_links to ../build/dummy_crane/dummy_crane.egg-info/dependency_links.txt
[1.057s] writing requirements to ../build/dummy_crane/dummy_crane.egg-info/requires.txt
[1.057s] writing top-level names to ../build/dummy_crane/dummy_crane.egg-info/top_level.txt
[1.083s] reading manifest file '../build/dummy_crane/dummy_crane.egg-info/SOURCES.txt'
[1.083s] writing manifest file '../build/dummy_crane/dummy_crane.egg-info/SOURCES.txt'
[1.084s] running build
[1.084s] running build_py
[1.084s] copying dummy_crane/__init__.py -> /home/putra-adnyana/kuliah/magang-bayucaraka/fp/src/ros_ws/build/dummy_crane/build/lib/dummy_crane
[1.084s] running install
[1.087s] running install_lib
[1.100s] running install_data
[1.100s] copying resource/dummy_crane -> /home/putra-adnyana/kuliah/magang-bayucaraka/fp/src/ros_ws/install/dummy_crane/share/ament_index/resource_index/packages
[1.100s] copying package.xml -> /home/putra-adnyana/kuliah/magang-bayucaraka/fp/src/ros_ws/install/dummy_crane/share/dummy_crane
[1.100s] running install_egg_info
[1.113s] removing '/home/putra-adnyana/kuliah/magang-bayucaraka/fp/src/ros_ws/install/dummy_crane/lib/python3.10/site-packages/dummy_crane-0.0.0-py3.10.egg-info' (and everything under it)
[1.113s] Copying ../build/dummy_crane/dummy_crane.egg-info to /home/putra-adnyana/kuliah/magang-bayucaraka/fp/src/ros_ws/install/dummy_crane/lib/python3.10/site-packages/dummy_crane-0.0.0-py3.10.egg-info
[1.114s] running install_scripts
[1.141s] writing list of installed files to '/home/putra-adnyana/kuliah/magang-bayucaraka/fp/src/ros_ws/build/dummy_crane/install.log'
[1.172s] Invoked command in '/home/putra-adnyana/kuliah/magang-bayucaraka/fp/src/ros_ws/dummy_crane' returned '0': PYTHONPATH=/home/putra-adnyana/kuliah/magang-bayucaraka/fp/src/ros_ws/build/dummy_crane/prefix_override:/usr/lib/python3/dist-packages/colcon_core/task/python/colcon_distutils_commands:/home/putra-adnyana/kuliah/magang-bayucaraka/fp/src/ros_ws/install/dummy_crane/lib/python3.10/site-packages:${PYTHONPATH} VIRTUAL_ENV_PROMPT=(.venv) /usr/bin/python3 -W ignore:setup.py install is deprecated -W ignore:easy_install command is deprecated setup.py egg_info --egg-base ../build/dummy_crane build --build-base /home/putra-adnyana/kuliah/magang-bayucaraka/fp/src/ros_ws/build/dummy_crane/build install --record /home/putra-adnyana/kuliah/magang-bayucaraka/fp/src/ros_ws/build/dummy_crane/install.log --single-version-externally-managed install_data
