[0.801s] Invoking command in '/home/putra-adnyana/kuliah/magang-bayucaraka/fp/src/ros_ws/src/camera': PYTHONPATH=/home/putra-adnyana/kuliah/magang-bayucaraka/fp/src/ros_ws/build/camera/prefix_override:/usr/lib/python3/dist-packages/colcon_core/task/python/colcon_distutils_commands:/home/putra-adnyana/kuliah/magang-bayucaraka/fp/src/ros_ws/install/camera/lib/python3.10/site-packages:${PYTHONPATH} /usr/bin/python3 -W ignore:setup.py install is deprecated -W ignore:easy_install command is deprecated setup.py egg_info --egg-base ../../build/camera build --build-base /home/putra-adnyana/kuliah/magang-bayucaraka/fp/src/ros_ws/build/camera/build install --record /home/putra-adnyana/kuliah/magang-bayucaraka/fp/src/ros_ws/build/camera/install.log --single-version-externally-managed install_data
[0.985s] running egg_info
[0.996s] writing ../../build/camera/camera.egg-info/PKG-INFO
[0.997s] writing dependency_links to ../../build/camera/camera.egg-info/dependency_links.txt
[0.997s] writing entry points to ../../build/camera/camera.egg-info/entry_points.txt
[0.997s] writing requirements to ../../build/camera/camera.egg-info/requires.txt
[0.997s] writing top-level names to ../../build/camera/camera.egg-info/top_level.txt
[1.020s] reading manifest file '../../build/camera/camera.egg-info/SOURCES.txt'
[1.022s] writing manifest file '../../build/camera/camera.egg-info/SOURCES.txt'
[1.022s] running build
[1.022s] running build_py
[1.022s] copying camera/old.py -> /home/putra-adnyana/kuliah/magang-bayucaraka/fp/src/ros_ws/build/camera/build/lib/camera
[1.023s] running install
[1.025s] running install_lib
[1.037s] copying /home/putra-adnyana/kuliah/magang-bayucaraka/fp/src/ros_ws/build/camera/build/lib/camera/__init__.py -> /home/putra-adnyana/kuliah/magang-bayucaraka/fp/src/ros_ws/install/camera/lib/python3.10/site-packages/camera
[1.038s] byte-compiling /home/putra-adnyana/kuliah/magang-bayucaraka/fp/src/ros_ws/install/camera/lib/python3.10/site-packages/camera/__init__.py to __init__.cpython-310.pyc
[1.040s] running install_data
[1.040s] copying resource/camera -> /home/putra-adnyana/kuliah/magang-bayucaraka/fp/src/ros_ws/install/camera/share/ament_index/resource_index/packages
[1.040s] copying package.xml -> /home/putra-adnyana/kuliah/magang-bayucaraka/fp/src/ros_ws/install/camera/share/camera
[1.041s] running install_egg_info
[1.054s] removing '/home/putra-adnyana/kuliah/magang-bayucaraka/fp/src/ros_ws/install/camera/lib/python3.10/site-packages/camera-0.0.0-py3.10.egg-info' (and everything under it)
[1.054s] Copying ../../build/camera/camera.egg-info to /home/putra-adnyana/kuliah/magang-bayucaraka/fp/src/ros_ws/install/camera/lib/python3.10/site-packages/camera-0.0.0-py3.10.egg-info
[1.055s] running install_scripts
[1.079s] Installing camera script to /home/putra-adnyana/kuliah/magang-bayucaraka/fp/src/ros_ws/install/camera/lib/camera
[1.079s] writing list of installed files to '/home/putra-adnyana/kuliah/magang-bayucaraka/fp/src/ros_ws/build/camera/install.log'
[1.125s] Invoked command in '/home/putra-adnyana/kuliah/magang-bayucaraka/fp/src/ros_ws/src/camera' returned '0': PYTHONPATH=/home/putra-adnyana/kuliah/magang-bayucaraka/fp/src/ros_ws/build/camera/prefix_override:/usr/lib/python3/dist-packages/colcon_core/task/python/colcon_distutils_commands:/home/putra-adnyana/kuliah/magang-bayucaraka/fp/src/ros_ws/install/camera/lib/python3.10/site-packages:${PYTHONPATH} /usr/bin/python3 -W ignore:setup.py install is deprecated -W ignore:easy_install command is deprecated setup.py egg_info --egg-base ../../build/camera build --build-base /home/putra-adnyana/kuliah/magang-bayucaraka/fp/src/ros_ws/build/camera/build install --record /home/putra-adnyana/kuliah/magang-bayucaraka/fp/src/ros_ws/build/camera/install.log --single-version-externally-managed install_data
