[2.301s] Invoking command in '/home/putra-adnyana/kuliah/magang-bayucaraka/fp/src/ros_ws/src/crane': PYTHONPATH=/home/putra-adnyana/kuliah/magang-bayucaraka/fp/src/ros_ws/build/crane/prefix_override:/usr/lib/python3/dist-packages/colcon_core/task/python/colcon_distutils_commands:/home/putra-adnyana/kuliah/magang-bayucaraka/fp/src/ros_ws/install/crane/lib/python3.10/site-packages:${PYTHONPATH} /usr/bin/python3 -W ignore:setup.py install is deprecated -W ignore:easy_install command is deprecated setup.py egg_info --egg-base ../../build/crane build --build-base /home/putra-adnyana/kuliah/magang-bayucaraka/fp/src/ros_ws/build/crane/build install --record /home/putra-adnyana/kuliah/magang-bayucaraka/fp/src/ros_ws/build/crane/install.log --single-version-externally-managed install_data
[2.860s] running egg_info
[2.894s] writing ../../build/crane/crane.egg-info/PKG-INFO
[2.895s] writing dependency_links to ../../build/crane/crane.egg-info/dependency_links.txt
[2.896s] writing entry points to ../../build/crane/crane.egg-info/entry_points.txt
[2.896s] writing requirements to ../../build/crane/crane.egg-info/requires.txt
[2.897s] writing top-level names to ../../build/crane/crane.egg-info/top_level.txt
[2.974s] reading manifest file '../../build/crane/crane.egg-info/SOURCES.txt'
[2.976s] writing manifest file '../../build/crane/crane.egg-info/SOURCES.txt'
[2.977s] running build
[2.977s] running build_py
[2.977s] copying crane/__init__.py -> /home/putra-adnyana/kuliah/magang-bayucaraka/fp/src/ros_ws/build/crane/build/lib/crane
[2.978s] running install
[2.987s] running install_lib
[3.025s] running install_data
[3.025s] copying resource/crane -> /home/putra-adnyana/kuliah/magang-bayucaraka/fp/src/ros_ws/install/crane/share/ament_index/resource_index/packages
[3.026s] copying package.xml -> /home/putra-adnyana/kuliah/magang-bayucaraka/fp/src/ros_ws/install/crane/share/crane
[3.026s] running install_egg_info
[3.065s] removing '/home/putra-adnyana/kuliah/magang-bayucaraka/fp/src/ros_ws/install/crane/lib/python3.10/site-packages/crane-0.0.0-py3.10.egg-info' (and everything under it)
[3.066s] Copying ../../build/crane/crane.egg-info to /home/putra-adnyana/kuliah/magang-bayucaraka/fp/src/ros_ws/install/crane/lib/python3.10/site-packages/crane-0.0.0-py3.10.egg-info
[3.068s] running install_scripts
[3.144s] Installing crane script to /home/putra-adnyana/kuliah/magang-bayucaraka/fp/src/ros_ws/install/crane/lib/crane
[3.145s] writing list of installed files to '/home/putra-adnyana/kuliah/magang-bayucaraka/fp/src/ros_ws/build/crane/install.log'
[3.193s] Invoked command in '/home/putra-adnyana/kuliah/magang-bayucaraka/fp/src/ros_ws/src/crane' returned '0': PYTHONPATH=/home/putra-adnyana/kuliah/magang-bayucaraka/fp/src/ros_ws/build/crane/prefix_override:/usr/lib/python3/dist-packages/colcon_core/task/python/colcon_distutils_commands:/home/putra-adnyana/kuliah/magang-bayucaraka/fp/src/ros_ws/install/crane/lib/python3.10/site-packages:${PYTHONPATH} /usr/bin/python3 -W ignore:setup.py install is deprecated -W ignore:easy_install command is deprecated setup.py egg_info --egg-base ../../build/crane build --build-base /home/putra-adnyana/kuliah/magang-bayucaraka/fp/src/ros_ws/build/crane/build install --record /home/putra-adnyana/kuliah/magang-bayucaraka/fp/src/ros_ws/build/crane/install.log --single-version-externally-managed install_data
