running egg_info
creating ../../build/crane/crane.egg-info
writing ../../build/crane/crane.egg-info/PKG-INFO
writing dependency_links to ../../build/crane/crane.egg-info/dependency_links.txt
writing entry points to ../../build/crane/crane.egg-info/entry_points.txt
writing requirements to ../../build/crane/crane.egg-info/requires.txt
writing top-level names to ../../build/crane/crane.egg-info/top_level.txt
writing manifest file '../../build/crane/crane.egg-info/SOURCES.txt'
reading manifest file '../../build/crane/crane.egg-info/SOURCES.txt'
writing manifest file '../../build/crane/crane.egg-info/SOURCES.txt'
running build
running build_py
creating /home/putra-adnyana/kuliah/magang-bayucaraka/FP-Bayucaraka/programming/revisi/ros_ws/build/crane/build/lib/crane
copying crane/__init__.py -> /home/putra-adnyana/kuliah/magang-bayucaraka/FP-Bayucaraka/programming/revisi/ros_ws/build/crane/build/lib/crane
running install
running install_lib
creating /home/putra-adnyana/kuliah/magang-bayucaraka/FP-Bayucaraka/programming/revisi/ros_ws/install/crane/lib/python3.10/site-packages/crane
copying /home/putra-adnyana/kuliah/magang-bayucaraka/FP-Bayucaraka/programming/revisi/ros_ws/build/crane/build/lib/crane/__init__.py -> /home/putra-adnyana/kuliah/magang-bayucaraka/FP-Bayucaraka/programming/revisi/ros_ws/install/crane/lib/python3.10/site-packages/crane
byte-compiling /home/putra-adnyana/kuliah/magang-bayucaraka/FP-Bayucaraka/programming/revisi/ros_ws/install/crane/lib/python3.10/site-packages/crane/__init__.py to __init__.cpython-310.pyc
running install_data
creating /home/putra-adnyana/kuliah/magang-bayucaraka/FP-Bayucaraka/programming/revisi/ros_ws/install/crane/share/ament_index/resource_index/packages
copying resource/crane -> /home/putra-adnyana/kuliah/magang-bayucaraka/FP-Bayucaraka/programming/revisi/ros_ws/install/crane/share/ament_index/resource_index/packages
copying package.xml -> /home/putra-adnyana/kuliah/magang-bayucaraka/FP-Bayucaraka/programming/revisi/ros_ws/install/crane/share/crane
running install_egg_info
Copying ../../build/crane/crane.egg-info to /home/putra-adnyana/kuliah/magang-bayucaraka/FP-Bayucaraka/programming/revisi/ros_ws/install/crane/lib/python3.10/site-packages/crane-0.0.0-py3.10.egg-info
running install_scripts
Installing crane script to /home/putra-adnyana/kuliah/magang-bayucaraka/FP-Bayucaraka/programming/revisi/ros_ws/install/crane/lib/crane
writing list of installed files to '/home/putra-adnyana/kuliah/magang-bayucaraka/FP-Bayucaraka/programming/revisi/ros_ws/build/crane/install.log'
