[0.951s] Invoking command in '/home/putra-adnyana/kuliah/magang-bayucaraka/fp/src/ros_ws/build/crane_interface': CMAKE_PREFIX_PATH=/opt/ros/humble VIRTUAL_ENV_PROMPT=(.venv) /usr/bin/cmake /home/putra-adnyana/kuliah/magang-bayucaraka/fp/src/ros_ws/src/crane_interface -DCMAKE_INSTALL_PREFIX=/home/putra-adnyana/kuliah/magang-bayucaraka/fp/src/ros_ws/install/crane_interface
[0.975s] -- Found ament_cmake: 1.3.12 (/opt/ros/humble/share/ament_cmake/cmake)
[1.237s] -- Found std_srvs: 4.9.0 (/opt/ros/humble/share/std_srvs/cmake)
[1.293s] -- Found rosidl_generator_c: 3.1.8 (/opt/ros/humble/share/rosidl_generator_c/cmake)
[1.299s] -- Found rosidl_adapter: 3.1.8 (/opt/ros/humble/share/rosidl_adapter/cmake)
[1.312s] -- Found rosidl_generator_cpp: 3.1.8 (/opt/ros/humble/share/rosidl_generator_cpp/cmake)
[1.332s] -- Using all available rosidl_typesupport_c: rosidl_typesupport_fastrtps_c;rosidl_typesupport_introspection_c
[1.359s] -- Using all available rosidl_typesupport_cpp: rosidl_typesupport_fastrtps_cpp;rosidl_typesupport_introspection_cpp
[1.631s] [31mCMake Error at /opt/ros/humble/share/rosidl_adapter/cmake/rosidl_adapt_interfaces.cmake:59 (message):
[1.631s]   
[1.631s]   execute_process(/home/putra-adnyana/kuliah/magang-bayucaraka/fp/.venv/bin/python3
[1.632s]   -m rosidl_adapter --package-name crane_interface --arguments-file
[1.632s]   /home/putra-adnyana/kuliah/magang-bayucaraka/fp/src/ros_ws/build/crane_interface/rosidl_adapter__arguments__crane_interface.json
[1.632s]   --output-dir
[1.632s]   /home/putra-adnyana/kuliah/magang-bayucaraka/fp/src/ros_ws/build/crane_interface/rosidl_adapter/crane_interface
[1.633s]   --output-file
[1.633s]   /home/putra-adnyana/kuliah/magang-bayucaraka/fp/src/ros_ws/build/crane_interface/rosidl_adapter/crane_interface.idls)
[1.633s]   returned error code 1:
[1.633s] 
[1.633s]   Error processing 'std_srvs/srv/Empty res' of
[1.634s]   'crane_interface/MoveTo_Response': 'std_srvs/srv/Empty'
[1.634s] 
[1.634s]   Traceback (most recent call last):
[1.634s] 
[1.634s]     File "/usr/lib/python3.10/runpy.py", line 196, in _run_module_as_main
[1.635s]       return _run_code(code, main_globals, None,
[1.635s]     File "/usr/lib/python3.10/runpy.py", line 86, in _run_code
[1.635s]       exec(code, run_globals)
[1.635s]     File "/opt/ros/humble/local/lib/python3.10/dist-packages/rosidl_adapter/__main__.py", line 19, in <module>
[1.635s]       sys.exit(main())
[1.635s]     File "/opt/ros/humble/local/lib/python3.10/dist-packages/rosidl_adapter/main.py", line 53, in main
[1.636s]       abs_idl_file = convert_to_idl(
[1.636s]     File "/opt/ros/humble/local/lib/python3.10/dist-packages/rosidl_adapter/__init__.py", line 24, in convert_to_idl
[1.636s]       return convert_srv_to_idl(
[1.636s]     File "/opt/ros/humble/local/lib/python3.10/dist-packages/rosidl_adapter/srv/__init__.py", line 28, in convert_srv_to_idl
[1.636s]       srv = parse_service_string(package_name, input_file.stem, content)
[1.636s]     File "/opt/ros/humble/local/lib/python3.10/dist-packages/rosidl_adapter/parser.py", line 863, in parse_service_string
[1.636s]       response_message = parse_message_string(
[1.636s]     File "/opt/ros/humble/local/lib/python3.10/dist-packages/rosidl_adapter/parser.py", line 520, in parse_message_string
[1.637s]       Type(type_string, context_package_name=pkg_name),
[1.637s]     File "/opt/ros/humble/local/lib/python3.10/dist-packages/rosidl_adapter/parser.py", line 277, in __init__
[1.637s]       super(Type, self).__init__(
[1.637s]     File "/opt/ros/humble/local/lib/python3.10/dist-packages/rosidl_adapter/parser.py", line 190, in __init__
[1.637s]       raise InvalidResourceName(type_string)
[1.637s] 
[1.637s]   rosidl_adapter.parser.InvalidResourceName: std_srvs/srv/Empty
[1.637s] 
[1.638s] Call Stack (most recent call first):
[1.638s]   /opt/ros/humble/share/rosidl_cmake/cmake/rosidl_generate_interfaces.cmake:130 (rosidl_adapt_interfaces)
[1.638s]   CMakeLists.txt:15 (rosidl_generate_interfaces)
[1.638s] 
[1.638s] [0m
[1.638s] -- Configuring incomplete, errors occurred!
[1.638s] See also "/home/putra-adnyana/kuliah/magang-bayucaraka/fp/src/ros_ws/build/crane_interface/CMakeFiles/CMakeOutput.log".
[1.644s] Invoked command in '/home/putra-adnyana/kuliah/magang-bayucaraka/fp/src/ros_ws/build/crane_interface' returned '1': CMAKE_PREFIX_PATH=/opt/ros/humble VIRTUAL_ENV_PROMPT=(.venv) /usr/bin/cmake /home/putra-adnyana/kuliah/magang-bayucaraka/fp/src/ros_ws/src/crane_interface -DCMAKE_INSTALL_PREFIX=/home/putra-adnyana/kuliah/magang-bayucaraka/fp/src/ros_ws/install/crane_interface
