[1.221s] Invoking command in '/home/putra-adnyana/kuliah/magang-bayucaraka/FP-Bayucaraka/programming/original/src/ros_ws/src/camera': PYTHONPATH=/home/putra-adnyana/kuliah/magang-bayucaraka/FP-Bayucaraka/programming/original/src/ros_ws/build/camera/prefix_override:/usr/lib/python3/dist-packages/colcon_core/task/python/colcon_distutils_commands:/home/putra-adnyana/kuliah/magang-bayucaraka/FP-Bayucaraka/programming/original/src/ros_ws/install/camera/lib/python3.10/site-packages:${PYTHONPATH} /usr/bin/python3 -W ignore:setup.py install is deprecated -W ignore:easy_install command is deprecated setup.py egg_info --egg-base ../../build/camera build --build-base /home/putra-adnyana/kuliah/magang-bayucaraka/FP-Bayucaraka/programming/original/src/ros_ws/build/camera/build install --record /home/putra-adnyana/kuliah/magang-bayucaraka/FP-Bayucaraka/programming/original/src/ros_ws/build/camera/install.log --single-version-externally-managed install_data
[1.414s] running egg_info
[1.427s] writing ../../build/camera/camera.egg-info/PKG-INFO
[1.427s] writing dependency_links to ../../build/camera/camera.egg-info/dependency_links.txt
[1.428s] writing entry points to ../../build/camera/camera.egg-info/entry_points.txt
[1.428s] writing requirements to ../../build/camera/camera.egg-info/requires.txt
[1.428s] writing top-level names to ../../build/camera/camera.egg-info/top_level.txt
[1.454s] reading manifest file '../../build/camera/camera.egg-info/SOURCES.txt'
[1.456s] writing manifest file '../../build/camera/camera.egg-info/SOURCES.txt'
[1.456s] running build
[1.456s] running build_py
[1.456s] copying camera/__init__.py -> /home/putra-adnyana/kuliah/magang-bayucaraka/FP-Bayucaraka/programming/original/src/ros_ws/build/camera/build/lib/camera
[1.456s] running install
[1.460s] running install_lib
[1.472s] copying /home/putra-adnyana/kuliah/magang-bayucaraka/FP-Bayucaraka/programming/original/src/ros_ws/build/camera/build/lib/camera/__init__.py -> /home/putra-adnyana/kuliah/magang-bayucaraka/FP-Bayucaraka/programming/original/src/ros_ws/install/camera/lib/python3.10/site-packages/camera
[1.472s] byte-compiling /home/putra-adnyana/kuliah/magang-bayucaraka/FP-Bayucaraka/programming/original/src/ros_ws/install/camera/lib/python3.10/site-packages/camera/__init__.py to __init__.cpython-310.pyc
[1.474s] running install_data
[1.474s] copying resource/camera -> /home/putra-adnyana/kuliah/magang-bayucaraka/FP-Bayucaraka/programming/original/src/ros_ws/install/camera/share/ament_index/resource_index/packages
[1.475s] copying package.xml -> /home/putra-adnyana/kuliah/magang-bayucaraka/FP-Bayucaraka/programming/original/src/ros_ws/install/camera/share/camera
[1.475s] running install_egg_info
[1.487s] removing '/home/putra-adnyana/kuliah/magang-bayucaraka/FP-Bayucaraka/programming/original/src/ros_ws/install/camera/lib/python3.10/site-packages/camera-0.0.0-py3.10.egg-info' (and everything under it)
[1.487s] Copying ../../build/camera/camera.egg-info to /home/putra-adnyana/kuliah/magang-bayucaraka/FP-Bayucaraka/programming/original/src/ros_ws/install/camera/lib/python3.10/site-packages/camera-0.0.0-py3.10.egg-info
[1.488s] running install_scripts
[1.515s] Installing camera script to /home/putra-adnyana/kuliah/magang-bayucaraka/FP-Bayucaraka/programming/original/src/ros_ws/install/camera/lib/camera
[1.516s] writing list of installed files to '/home/putra-adnyana/kuliah/magang-bayucaraka/FP-Bayucaraka/programming/original/src/ros_ws/build/camera/install.log'
[1.552s] Invoked command in '/home/putra-adnyana/kuliah/magang-bayucaraka/FP-Bayucaraka/programming/original/src/ros_ws/src/camera' returned '0': PYTHONPATH=/home/putra-adnyana/kuliah/magang-bayucaraka/FP-Bayucaraka/programming/original/src/ros_ws/build/camera/prefix_override:/usr/lib/python3/dist-packages/colcon_core/task/python/colcon_distutils_commands:/home/putra-adnyana/kuliah/magang-bayucaraka/FP-Bayucaraka/programming/original/src/ros_ws/install/camera/lib/python3.10/site-packages:${PYTHONPATH} /usr/bin/python3 -W ignore:setup.py install is deprecated -W ignore:easy_install command is deprecated setup.py egg_info --egg-base ../../build/camera build --build-base /home/putra-adnyana/kuliah/magang-bayucaraka/FP-Bayucaraka/programming/original/src/ros_ws/build/camera/build install --record /home/putra-adnyana/kuliah/magang-bayucaraka/FP-Bayucaraka/programming/original/src/ros_ws/build/camera/install.log --single-version-externally-managed install_data
