[0.309s] [34mcolcon[0m [1;30mDEBUG[0m [32mCommand line arguments: ['/usr/bin/colcon', 'build'][0m
[0.309s] [34mcolcon[0m [1;30mDEBUG[0m [32mParsed command line arguments: Namespace(log_base=None, log_level=None, verb_name='build', build_base='build', install_base='install', merge_install=False, symlink_install=False, test_result_base=None, continue_on_error=False, executor='parallel', parallel_workers=16, event_handlers=None, ignore_user_meta=False, metas=['./colcon.meta'], base_paths=['.'], packages_ignore=None, packages_ignore_regex=None, paths=None, packages_up_to=None, packages_up_to_regex=None, packages_above=None, packages_above_and_dependencies=None, packages_above_depth=None, packages_select_by_dep=None, packages_skip_by_dep=None, packages_skip_up_to=None, packages_select_build_failed=False, packages_skip_build_finished=False, packages_select_test_failures=False, packages_skip_test_passed=False, packages_select=None, packages_skip=None, packages_select_regex=None, packages_skip_regex=None, packages_start=None, packages_end=None, allow_overriding=[], cmake_args=None, cmake_target=None, cmake_target_skip_unavailable=False, cmake_clean_cache=False, cmake_clean_first=False, cmake_force_configure=False, ament_cmake_args=None, catkin_cmake_args=None, catkin_skip_building_tests=False, mixin_files=None, mixin=None, verb_parser=<colcon_mixin.mixin.mixin_argument.MixinArgumentDecorator object at 0x75ab81a299f0>, verb_extension=<colcon_core.verb.build.BuildVerb object at 0x75ab81ba2ef0>, main=<bound method BuildVerb.main of <colcon_core.verb.build.BuildVerb object at 0x75ab81ba2ef0>>, mixin_verb=('build',))[0m
[0.404s] [34mcolcon.colcon_core.package_discovery[0m [1;30mLevel 1[0m discover_packages(colcon_meta) check parameters
[0.404s] [34mcolcon.colcon_core.package_discovery[0m [1;30mLevel 1[0m discover_packages(recursive) check parameters
[0.404s] [34mcolcon.colcon_core.package_discovery[0m [1;30mLevel 1[0m discover_packages(ignore) check parameters
[0.404s] [34mcolcon.colcon_core.package_discovery[0m [1;30mLevel 1[0m discover_packages(path) check parameters
[0.404s] [34mcolcon.colcon_core.package_discovery[0m [1;30mLevel 1[0m discover_packages(colcon_meta) discover
[0.404s] [34mcolcon.colcon_core.package_discovery[0m [1;30mLevel 1[0m discover_packages(recursive) discover
[0.404s] [34mcolcon.colcon_core.package_discovery[0m [1;30mINFO[0m Crawling recursively for packages in '/home/putra-adnyana/kuliah/magang-bayucaraka/fp/src/ros_ws'
[0.405s] [34mcolcon.colcon_core.package_identification[0m [1;30mLevel 1[0m _identify(.) by extensions ['ignore', 'ignore_ament_install']
[0.405s] [34mcolcon.colcon_core.package_identification[0m [1;30mLevel 1[0m _identify(.) by extension 'ignore'
[0.405s] [34mcolcon.colcon_core.package_identification[0m [1;30mLevel 1[0m _identify(.) by extension 'ignore_ament_install'
[0.405s] [34mcolcon.colcon_core.package_identification[0m [1;30mLevel 1[0m _identify(.) by extensions ['colcon_pkg']
[0.405s] [34mcolcon.colcon_core.package_identification[0m [1;30mLevel 1[0m _identify(.) by extension 'colcon_pkg'
[0.405s] [34mcolcon.colcon_core.package_identification[0m [1;30mLevel 1[0m _identify(.) by extensions ['colcon_meta']
[0.405s] [34mcolcon.colcon_core.package_identification[0m [1;30mLevel 1[0m _identify(.) by extension 'colcon_meta'
[0.405s] [34mcolcon.colcon_core.package_identification[0m [1;30mLevel 1[0m _identify(.) by extensions ['ros']
[0.406s] [34mcolcon.colcon_core.package_identification[0m [1;30mLevel 1[0m _identify(.) by extension 'ros'
[0.477s] [34mcolcon.colcon_core.package_identification[0m [1;30mLevel 1[0m _identify(.) by extensions ['cmake', 'python']
[0.477s] [34mcolcon.colcon_core.package_identification[0m [1;30mLevel 1[0m _identify(.) by extension 'cmake'
[0.477s] [34mcolcon.colcon_core.package_identification[0m [1;30mLevel 1[0m _identify(.) by extension 'python'
[0.477s] [34mcolcon.colcon_core.package_identification[0m [1;30mLevel 1[0m _identify(.) by extensions ['python_setup_py']
[0.477s] [34mcolcon.colcon_core.package_identification[0m [1;30mLevel 1[0m _identify(.) by extension 'python_setup_py'
[0.478s] [34mcolcon.colcon_core.package_identification[0m [1;30mLevel 1[0m _identify(build) by extensions ['ignore', 'ignore_ament_install']
[0.478s] [34mcolcon.colcon_core.package_identification[0m [1;30mLevel 1[0m _identify(build) by extension 'ignore'
[0.478s] [34mcolcon.colcon_core.package_identification[0m [1;30mLevel 1[0m _identify(build) ignored
[0.478s] [34mcolcon.colcon_core.package_identification[0m [1;30mLevel 1[0m _identify(install) by extensions ['ignore', 'ignore_ament_install']
[0.479s] [34mcolcon.colcon_core.package_identification[0m [1;30mLevel 1[0m _identify(install) by extension 'ignore'
[0.479s] [34mcolcon.colcon_core.package_identification[0m [1;30mLevel 1[0m _identify(install) ignored
[0.479s] [34mcolcon.colcon_core.package_identification[0m [1;30mLevel 1[0m _identify(log) by extensions ['ignore', 'ignore_ament_install']
[0.480s] [34mcolcon.colcon_core.package_identification[0m [1;30mLevel 1[0m _identify(log) by extension 'ignore'
[0.480s] [34mcolcon.colcon_core.package_identification[0m [1;30mLevel 1[0m _identify(log) ignored
[0.480s] [34mcolcon.colcon_core.package_identification[0m [1;30mLevel 1[0m _identify(src) by extensions ['ignore', 'ignore_ament_install']
[0.480s] [34mcolcon.colcon_core.package_identification[0m [1;30mLevel 1[0m _identify(src) by extension 'ignore'
[0.481s] [34mcolcon.colcon_core.package_identification[0m [1;30mLevel 1[0m _identify(src) by extension 'ignore_ament_install'
[0.481s] [34mcolcon.colcon_core.package_identification[0m [1;30mLevel 1[0m _identify(src) by extensions ['colcon_pkg']
[0.481s] [34mcolcon.colcon_core.package_identification[0m [1;30mLevel 1[0m _identify(src) by extension 'colcon_pkg'
[0.481s] [34mcolcon.colcon_core.package_identification[0m [1;30mLevel 1[0m _identify(src) by extensions ['colcon_meta']
[0.481s] [34mcolcon.colcon_core.package_identification[0m [1;30mLevel 1[0m _identify(src) by extension 'colcon_meta'
[0.481s] [34mcolcon.colcon_core.package_identification[0m [1;30mLevel 1[0m _identify(src) by extensions ['ros']
[0.481s] [34mcolcon.colcon_core.package_identification[0m [1;30mLevel 1[0m _identify(src) by extension 'ros'
[0.481s] [34mcolcon.colcon_core.package_identification[0m [1;30mLevel 1[0m _identify(src) by extensions ['cmake', 'python']
[0.481s] [34mcolcon.colcon_core.package_identification[0m [1;30mLevel 1[0m _identify(src) by extension 'cmake'
[0.482s] [34mcolcon.colcon_core.package_identification[0m [1;30mLevel 1[0m _identify(src) by extension 'python'
[0.482s] [34mcolcon.colcon_core.package_identification[0m [1;30mLevel 1[0m _identify(src) by extensions ['python_setup_py']
[0.482s] [34mcolcon.colcon_core.package_identification[0m [1;30mLevel 1[0m _identify(src) by extension 'python_setup_py'
[0.482s] [34mcolcon.colcon_core.package_identification[0m [1;30mLevel 1[0m _identify(src/camera) by extensions ['ignore', 'ignore_ament_install']
[0.482s] [34mcolcon.colcon_core.package_identification[0m [1;30mLevel 1[0m _identify(src/camera) by extension 'ignore'
[0.482s] [34mcolcon.colcon_core.package_identification[0m [1;30mLevel 1[0m _identify(src/camera) by extension 'ignore_ament_install'
[0.483s] [34mcolcon.colcon_core.package_identification[0m [1;30mLevel 1[0m _identify(src/camera) by extensions ['colcon_pkg']
[0.483s] [34mcolcon.colcon_core.package_identification[0m [1;30mLevel 1[0m _identify(src/camera) by extension 'colcon_pkg'
[0.483s] [34mcolcon.colcon_core.package_identification[0m [1;30mLevel 1[0m _identify(src/camera) by extensions ['colcon_meta']
[0.483s] [34mcolcon.colcon_core.package_identification[0m [1;30mLevel 1[0m _identify(src/camera) by extension 'colcon_meta'
[0.483s] [34mcolcon.colcon_core.package_identification[0m [1;30mLevel 1[0m _identify(src/camera) by extensions ['ros']
[0.483s] [34mcolcon.colcon_core.package_identification[0m [1;30mLevel 1[0m _identify(src/camera) by extension 'ros'
[0.489s] [34mcolcon.colcon_core.package_identification[0m [1;30mDEBUG[0m [32mPackage 'src/camera' with type 'ros.ament_python' and name 'camera'[0m
[0.489s] [34mcolcon.colcon_core.package_identification[0m [1;30mLevel 1[0m _identify(src/crane) by extensions ['ignore', 'ignore_ament_install']
[0.489s] [34mcolcon.colcon_core.package_identification[0m [1;30mLevel 1[0m _identify(src/crane) by extension 'ignore'
[0.490s] [34mcolcon.colcon_core.package_identification[0m [1;30mLevel 1[0m _identify(src/crane) by extension 'ignore_ament_install'
[0.490s] [34mcolcon.colcon_core.package_identification[0m [1;30mLevel 1[0m _identify(src/crane) by extensions ['colcon_pkg']
[0.490s] [34mcolcon.colcon_core.package_identification[0m [1;30mLevel 1[0m _identify(src/crane) by extension 'colcon_pkg'
[0.490s] [34mcolcon.colcon_core.package_identification[0m [1;30mLevel 1[0m _identify(src/crane) by extensions ['colcon_meta']
[0.490s] [34mcolcon.colcon_core.package_identification[0m [1;30mLevel 1[0m _identify(src/crane) by extension 'colcon_meta'
[0.490s] [34mcolcon.colcon_core.package_identification[0m [1;30mLevel 1[0m _identify(src/crane) by extensions ['ros']
[0.490s] [34mcolcon.colcon_core.package_identification[0m [1;30mLevel 1[0m _identify(src/crane) by extension 'ros'
[0.492s] [34mcolcon.colcon_core.package_identification[0m [1;30mDEBUG[0m [32mPackage 'src/crane' with type 'ros.ament_python' and name 'crane'[0m
[0.492s] [34mcolcon.colcon_core.package_identification[0m [1;30mLevel 1[0m _identify(src/dummy_crane) by extensions ['ignore', 'ignore_ament_install']
[0.492s] [34mcolcon.colcon_core.package_identification[0m [1;30mLevel 1[0m _identify(src/dummy_crane) by extension 'ignore'
[0.492s] [34mcolcon.colcon_core.package_identification[0m [1;30mLevel 1[0m _identify(src/dummy_crane) by extension 'ignore_ament_install'
[0.492s] [34mcolcon.colcon_core.package_identification[0m [1;30mLevel 1[0m _identify(src/dummy_crane) by extensions ['colcon_pkg']
[0.492s] [34mcolcon.colcon_core.package_identification[0m [1;30mLevel 1[0m _identify(src/dummy_crane) by extension 'colcon_pkg'
[0.493s] [34mcolcon.colcon_core.package_identification[0m [1;30mLevel 1[0m _identify(src/dummy_crane) by extensions ['colcon_meta']
[0.493s] [34mcolcon.colcon_core.package_identification[0m [1;30mLevel 1[0m _identify(src/dummy_crane) by extension 'colcon_meta'
[0.493s] [34mcolcon.colcon_core.package_identification[0m [1;30mLevel 1[0m _identify(src/dummy_crane) by extensions ['ros']
[0.493s] [34mcolcon.colcon_core.package_identification[0m [1;30mLevel 1[0m _identify(src/dummy_crane) by extension 'ros'
[0.494s] [34mcolcon.colcon_core.package_identification[0m [1;30mDEBUG[0m [32mPackage 'src/dummy_crane' with type 'ros.ament_python' and name 'dummy_crane'[0m
[0.494s] [34mcolcon.colcon_core.package_discovery[0m [1;30mLevel 1[0m discover_packages(recursive) using defaults
[0.494s] [34mcolcon.colcon_core.package_discovery[0m [1;30mLevel 1[0m discover_packages(ignore) discover
[0.494s] [34mcolcon.colcon_core.package_discovery[0m [1;30mLevel 1[0m discover_packages(ignore) using defaults
[0.494s] [34mcolcon.colcon_core.package_discovery[0m [1;30mLevel 1[0m discover_packages(path) discover
[0.495s] [34mcolcon.colcon_core.package_discovery[0m [1;30mLevel 1[0m discover_packages(path) using defaults
[0.534s] [34mcolcon.colcon_core.package_discovery[0m [1;30mLevel 1[0m discover_packages(prefix_path) check parameters
[0.534s] [34mcolcon.colcon_core.package_discovery[0m [1;30mLevel 1[0m discover_packages(prefix_path) discover
[0.541s] [34mcolcon.colcon_installed_package_information.package_discovery[0m [1;30mDEBUG[0m [32mFound 279 installed packages in /opt/ros/humble[0m
[0.544s] [34mcolcon.colcon_core.package_discovery[0m [1;30mLevel 1[0m discover_packages(prefix_path) using defaults
[0.679s] [34mcolcon.colcon_core.verb[0m [1;30mLevel 5[0m set package 'camera' build argument 'cmake_args' from command line to 'None'
[0.679s] [34mcolcon.colcon_core.verb[0m [1;30mLevel 5[0m set package 'camera' build argument 'cmake_target' from command line to 'None'
[0.679s] [34mcolcon.colcon_core.verb[0m [1;30mLevel 5[0m set package 'camera' build argument 'cmake_target_skip_unavailable' from command line to 'False'
[0.679s] [34mcolcon.colcon_core.verb[0m [1;30mLevel 5[0m set package 'camera' build argument 'cmake_clean_cache' from command line to 'False'
[0.679s] [34mcolcon.colcon_core.verb[0m [1;30mLevel 5[0m set package 'camera' build argument 'cmake_clean_first' from command line to 'False'
[0.679s] [34mcolcon.colcon_core.verb[0m [1;30mLevel 5[0m set package 'camera' build argument 'cmake_force_configure' from command line to 'False'
[0.679s] [34mcolcon.colcon_core.verb[0m [1;30mLevel 5[0m set package 'camera' build argument 'ament_cmake_args' from command line to 'None'
[0.680s] [34mcolcon.colcon_core.verb[0m [1;30mLevel 5[0m set package 'camera' build argument 'catkin_cmake_args' from command line to 'None'
[0.680s] [34mcolcon.colcon_core.verb[0m [1;30mLevel 5[0m set package 'camera' build argument 'catkin_skip_building_tests' from command line to 'False'
[0.680s] [34mcolcon.colcon_core.verb[0m [1;30mDEBUG[0m [32mBuilding package 'camera' with the following arguments: {'ament_cmake_args': None, 'build_base': '/home/putra-adnyana/kuliah/magang-bayucaraka/fp/src/ros_ws/build/camera', 'catkin_cmake_args': None, 'catkin_skip_building_tests': False, 'cmake_args': None, 'cmake_clean_cache': False, 'cmake_clean_first': False, 'cmake_force_configure': False, 'cmake_target': None, 'cmake_target_skip_unavailable': False, 'install_base': '/home/putra-adnyana/kuliah/magang-bayucaraka/fp/src/ros_ws/install/camera', 'merge_install': False, 'path': '/home/putra-adnyana/kuliah/magang-bayucaraka/fp/src/ros_ws/src/camera', 'symlink_install': False, 'test_result_base': None}[0m
[0.680s] [34mcolcon.colcon_core.verb[0m [1;30mLevel 5[0m set package 'crane' build argument 'cmake_args' from command line to 'None'
[0.680s] [34mcolcon.colcon_core.verb[0m [1;30mLevel 5[0m set package 'crane' build argument 'cmake_target' from command line to 'None'
[0.681s] [34mcolcon.colcon_core.verb[0m [1;30mLevel 5[0m set package 'crane' build argument 'cmake_target_skip_unavailable' from command line to 'False'
[0.681s] [34mcolcon.colcon_core.verb[0m [1;30mLevel 5[0m set package 'crane' build argument 'cmake_clean_cache' from command line to 'False'
[0.681s] [34mcolcon.colcon_core.verb[0m [1;30mLevel 5[0m set package 'crane' build argument 'cmake_clean_first' from command line to 'False'
[0.681s] [34mcolcon.colcon_core.verb[0m [1;30mLevel 5[0m set package 'crane' build argument 'cmake_force_configure' from command line to 'False'
[0.681s] [34mcolcon.colcon_core.verb[0m [1;30mLevel 5[0m set package 'crane' build argument 'ament_cmake_args' from command line to 'None'
[0.681s] [34mcolcon.colcon_core.verb[0m [1;30mLevel 5[0m set package 'crane' build argument 'catkin_cmake_args' from command line to 'None'
[0.681s] [34mcolcon.colcon_core.verb[0m [1;30mLevel 5[0m set package 'crane' build argument 'catkin_skip_building_tests' from command line to 'False'
[0.681s] [34mcolcon.colcon_core.verb[0m [1;30mDEBUG[0m [32mBuilding package 'crane' with the following arguments: {'ament_cmake_args': None, 'build_base': '/home/putra-adnyana/kuliah/magang-bayucaraka/fp/src/ros_ws/build/crane', 'catkin_cmake_args': None, 'catkin_skip_building_tests': False, 'cmake_args': None, 'cmake_clean_cache': False, 'cmake_clean_first': False, 'cmake_force_configure': False, 'cmake_target': None, 'cmake_target_skip_unavailable': False, 'install_base': '/home/putra-adnyana/kuliah/magang-bayucaraka/fp/src/ros_ws/install/crane', 'merge_install': False, 'path': '/home/putra-adnyana/kuliah/magang-bayucaraka/fp/src/ros_ws/src/crane', 'symlink_install': False, 'test_result_base': None}[0m
[0.682s] [34mcolcon.colcon_core.verb[0m [1;30mLevel 5[0m set package 'dummy_crane' build argument 'cmake_args' from command line to 'None'
[0.682s] [34mcolcon.colcon_core.verb[0m [1;30mLevel 5[0m set package 'dummy_crane' build argument 'cmake_target' from command line to 'None'
[0.682s] [34mcolcon.colcon_core.verb[0m [1;30mLevel 5[0m set package 'dummy_crane' build argument 'cmake_target_skip_unavailable' from command line to 'False'
[0.682s] [34mcolcon.colcon_core.verb[0m [1;30mLevel 5[0m set package 'dummy_crane' build argument 'cmake_clean_cache' from command line to 'False'
[0.682s] [34mcolcon.colcon_core.verb[0m [1;30mLevel 5[0m set package 'dummy_crane' build argument 'cmake_clean_first' from command line to 'False'
[0.682s] [34mcolcon.colcon_core.verb[0m [1;30mLevel 5[0m set package 'dummy_crane' build argument 'cmake_force_configure' from command line to 'False'
[0.682s] [34mcolcon.colcon_core.verb[0m [1;30mLevel 5[0m set package 'dummy_crane' build argument 'ament_cmake_args' from command line to 'None'
[0.682s] [34mcolcon.colcon_core.verb[0m [1;30mLevel 5[0m set package 'dummy_crane' build argument 'catkin_cmake_args' from command line to 'None'
[0.682s] [34mcolcon.colcon_core.verb[0m [1;30mLevel 5[0m set package 'dummy_crane' build argument 'catkin_skip_building_tests' from command line to 'False'
[0.682s] [34mcolcon.colcon_core.verb[0m [1;30mDEBUG[0m [32mBuilding package 'dummy_crane' with the following arguments: {'ament_cmake_args': None, 'build_base': '/home/putra-adnyana/kuliah/magang-bayucaraka/fp/src/ros_ws/build/dummy_crane', 'catkin_cmake_args': None, 'catkin_skip_building_tests': False, 'cmake_args': None, 'cmake_clean_cache': False, 'cmake_clean_first': False, 'cmake_force_configure': False, 'cmake_target': None, 'cmake_target_skip_unavailable': False, 'install_base': '/home/putra-adnyana/kuliah/magang-bayucaraka/fp/src/ros_ws/install/dummy_crane', 'merge_install': False, 'path': '/home/putra-adnyana/kuliah/magang-bayucaraka/fp/src/ros_ws/src/dummy_crane', 'symlink_install': False, 'test_result_base': None}[0m
[0.682s] [34mcolcon.colcon_core.executor[0m [1;30mINFO[0m Executing jobs using 'parallel' executor
[0.684s] [34mcolcon.colcon_parallel_executor.executor.parallel[0m [1;30mDEBUG[0m [32mrun_until_complete[0m
[0.685s] [34mcolcon.colcon_ros.task.ament_python.build[0m [1;30mINFO[0m Building ROS package in '/home/putra-adnyana/kuliah/magang-bayucaraka/fp/src/ros_ws/src/camera' with build type 'ament_python'
[0.685s] [34mcolcon.colcon_core.shell[0m [1;30mLevel 1[0m create_environment_hook('camera', 'ament_prefix_path')
[0.691s] [34mcolcon.colcon_core.plugin_system[0m [1;30mINFO[0m Skipping extension 'colcon_core.shell.bat': Not used on non-Windows systems
[0.692s] [34mcolcon.colcon_core.shell[0m [1;30mINFO[0m Creating environment hook '/home/putra-adnyana/kuliah/magang-bayucaraka/fp/src/ros_ws/install/camera/share/camera/hook/ament_prefix_path.ps1'
[0.693s] [34mcolcon.colcon_core.shell[0m [1;30mINFO[0m Creating environment descriptor '/home/putra-adnyana/kuliah/magang-bayucaraka/fp/src/ros_ws/install/camera/share/camera/hook/ament_prefix_path.dsv'
[0.694s] [34mcolcon.colcon_core.shell[0m [1;30mINFO[0m Creating environment hook '/home/putra-adnyana/kuliah/magang-bayucaraka/fp/src/ros_ws/install/camera/share/camera/hook/ament_prefix_path.sh'
[0.696s] [34mcolcon.colcon_core.shell[0m [1;30mINFO[0m Skip shell extension 'powershell' for command environment: Not usable outside of PowerShell
[0.696s] [34mcolcon.colcon_core.shell[0m [1;30mDEBUG[0m [32mSkip shell extension 'dsv' for command environment[0m
[0.703s] [34mcolcon.colcon_ros.task.ament_python.build[0m [1;30mINFO[0m Building ROS package in '/home/putra-adnyana/kuliah/magang-bayucaraka/fp/src/ros_ws/src/crane' with build type 'ament_python'
[0.703s] [34mcolcon.colcon_core.shell[0m [1;30mLevel 1[0m create_environment_hook('crane', 'ament_prefix_path')
[0.704s] [34mcolcon.colcon_core.shell[0m [1;30mINFO[0m Creating environment hook '/home/putra-adnyana/kuliah/magang-bayucaraka/fp/src/ros_ws/install/crane/share/crane/hook/ament_prefix_path.ps1'
[0.705s] [34mcolcon.colcon_core.shell[0m [1;30mINFO[0m Creating environment descriptor '/home/putra-adnyana/kuliah/magang-bayucaraka/fp/src/ros_ws/install/crane/share/crane/hook/ament_prefix_path.dsv'
[0.706s] [34mcolcon.colcon_core.shell[0m [1;30mINFO[0m Creating environment hook '/home/putra-adnyana/kuliah/magang-bayucaraka/fp/src/ros_ws/install/crane/share/crane/hook/ament_prefix_path.sh'
[0.708s] [34mcolcon.colcon_core.shell[0m [1;30mINFO[0m Skip shell extension 'powershell' for command environment: Not usable outside of PowerShell
[0.708s] [34mcolcon.colcon_core.shell[0m [1;30mDEBUG[0m [32mSkip shell extension 'dsv' for command environment[0m
[0.716s] [34mcolcon.colcon_ros.task.ament_python.build[0m [1;30mINFO[0m Building ROS package in '/home/putra-adnyana/kuliah/magang-bayucaraka/fp/src/ros_ws/src/dummy_crane' with build type 'ament_python'
[0.716s] [34mcolcon.colcon_core.shell[0m [1;30mLevel 1[0m create_environment_hook('dummy_crane', 'ament_prefix_path')
[0.717s] [34mcolcon.colcon_core.shell[0m [1;30mINFO[0m Creating environment hook '/home/putra-adnyana/kuliah/magang-bayucaraka/fp/src/ros_ws/install/dummy_crane/share/dummy_crane/hook/ament_prefix_path.ps1'
[0.719s] [34mcolcon.colcon_core.shell[0m [1;30mINFO[0m Creating environment descriptor '/home/putra-adnyana/kuliah/magang-bayucaraka/fp/src/ros_ws/install/dummy_crane/share/dummy_crane/hook/ament_prefix_path.dsv'
[0.719s] [34mcolcon.colcon_core.shell[0m [1;30mINFO[0m Creating environment hook '/home/putra-adnyana/kuliah/magang-bayucaraka/fp/src/ros_ws/install/dummy_crane/share/dummy_crane/hook/ament_prefix_path.sh'
[0.721s] [34mcolcon.colcon_core.shell[0m [1;30mINFO[0m Skip shell extension 'powershell' for command environment: Not usable outside of PowerShell
[0.721s] [34mcolcon.colcon_core.shell[0m [1;30mDEBUG[0m [32mSkip shell extension 'dsv' for command environment[0m
[1.193s] [34mcolcon.colcon_core.task.python.build[0m [1;30mINFO[0m Building Python package in '/home/putra-adnyana/kuliah/magang-bayucaraka/fp/src/ros_ws/src/camera'
[1.193s] [34mcolcon.colcon_core.shell[0m [1;30mINFO[0m Skip shell extension 'powershell' for command environment: Not usable outside of PowerShell
[1.194s] [34mcolcon.colcon_core.shell[0m [1;30mDEBUG[0m [32mSkip shell extension 'dsv' for command environment[0m
[1.655s] [34mcolcon.colcon_core.task.python.build[0m [1;30mINFO[0m Building Python package in '/home/putra-adnyana/kuliah/magang-bayucaraka/fp/src/ros_ws/src/crane'
[1.655s] [34mcolcon.colcon_core.shell[0m [1;30mINFO[0m Skip shell extension 'powershell' for command environment: Not usable outside of PowerShell
[1.655s] [34mcolcon.colcon_core.shell[0m [1;30mDEBUG[0m [32mSkip shell extension 'dsv' for command environment[0m
[2.114s] [34mcolcon.colcon_core.task.python.build[0m [1;30mINFO[0m Building Python package in '/home/putra-adnyana/kuliah/magang-bayucaraka/fp/src/ros_ws/src/dummy_crane'
[2.115s] [34mcolcon.colcon_core.shell[0m [1;30mINFO[0m Skip shell extension 'powershell' for command environment: Not usable outside of PowerShell
[2.115s] [34mcolcon.colcon_core.shell[0m [1;30mDEBUG[0m [32mSkip shell extension 'dsv' for command environment[0m
[3.036s] [34mcolcon.colcon_core.event_handler.log_command[0m [1;30mDEBUG[0m [32mInvoking command in '/home/putra-adnyana/kuliah/magang-bayucaraka/fp/src/ros_ws/src/dummy_crane': PYTHONPATH=/home/putra-adnyana/kuliah/magang-bayucaraka/fp/src/ros_ws/build/dummy_crane/prefix_override:/usr/lib/python3/dist-packages/colcon_core/task/python/colcon_distutils_commands:/home/putra-adnyana/kuliah/magang-bayucaraka/fp/src/ros_ws/install/dummy_crane/lib/python3.10/site-packages:${PYTHONPATH} VIRTUAL_ENV_PROMPT=(.venv) /usr/bin/python3 -W ignore:setup.py install is deprecated -W ignore:easy_install command is deprecated setup.py egg_info --egg-base ../../build/dummy_crane build --build-base /home/putra-adnyana/kuliah/magang-bayucaraka/fp/src/ros_ws/build/dummy_crane/build install --record /home/putra-adnyana/kuliah/magang-bayucaraka/fp/src/ros_ws/build/dummy_crane/install.log --single-version-externally-managed install_data[0m
[3.045s] [34mcolcon.colcon_core.event_handler.log_command[0m [1;30mDEBUG[0m [32mInvoking command in '/home/putra-adnyana/kuliah/magang-bayucaraka/fp/src/ros_ws/src/crane': PYTHONPATH=/home/putra-adnyana/kuliah/magang-bayucaraka/fp/src/ros_ws/build/crane/prefix_override:/usr/lib/python3/dist-packages/colcon_core/task/python/colcon_distutils_commands:/home/putra-adnyana/kuliah/magang-bayucaraka/fp/src/ros_ws/install/crane/lib/python3.10/site-packages:${PYTHONPATH} VIRTUAL_ENV_PROMPT=(.venv) /usr/bin/python3 -W ignore:setup.py install is deprecated -W ignore:easy_install command is deprecated setup.py egg_info --egg-base ../../build/crane build --build-base /home/putra-adnyana/kuliah/magang-bayucaraka/fp/src/ros_ws/build/crane/build install --record /home/putra-adnyana/kuliah/magang-bayucaraka/fp/src/ros_ws/build/crane/install.log --single-version-externally-managed install_data[0m
[3.047s] [34mcolcon.colcon_core.event_handler.log_command[0m [1;30mDEBUG[0m [32mInvoking command in '/home/putra-adnyana/kuliah/magang-bayucaraka/fp/src/ros_ws/src/camera': PYTHONPATH=/home/putra-adnyana/kuliah/magang-bayucaraka/fp/src/ros_ws/build/camera/prefix_override:/usr/lib/python3/dist-packages/colcon_core/task/python/colcon_distutils_commands:/home/putra-adnyana/kuliah/magang-bayucaraka/fp/src/ros_ws/install/camera/lib/python3.10/site-packages:${PYTHONPATH} VIRTUAL_ENV_PROMPT=(.venv) /usr/bin/python3 -W ignore:setup.py install is deprecated -W ignore:easy_install command is deprecated setup.py egg_info --egg-base ../../build/camera build --build-base /home/putra-adnyana/kuliah/magang-bayucaraka/fp/src/ros_ws/build/camera/build install --record /home/putra-adnyana/kuliah/magang-bayucaraka/fp/src/ros_ws/build/camera/install.log --single-version-externally-managed install_data[0m
[3.934s] [34mcolcon.colcon_core.event_handler.log_command[0m [1;30mDEBUG[0m [32mInvoked command in '/home/putra-adnyana/kuliah/magang-bayucaraka/fp/src/ros_ws/src/dummy_crane' returned '0': PYTHONPATH=/home/putra-adnyana/kuliah/magang-bayucaraka/fp/src/ros_ws/build/dummy_crane/prefix_override:/usr/lib/python3/dist-packages/colcon_core/task/python/colcon_distutils_commands:/home/putra-adnyana/kuliah/magang-bayucaraka/fp/src/ros_ws/install/dummy_crane/lib/python3.10/site-packages:${PYTHONPATH} VIRTUAL_ENV_PROMPT=(.venv) /usr/bin/python3 -W ignore:setup.py install is deprecated -W ignore:easy_install command is deprecated setup.py egg_info --egg-base ../../build/dummy_crane build --build-base /home/putra-adnyana/kuliah/magang-bayucaraka/fp/src/ros_ws/build/dummy_crane/build install --record /home/putra-adnyana/kuliah/magang-bayucaraka/fp/src/ros_ws/build/dummy_crane/install.log --single-version-externally-managed install_data[0m
[3.940s] [34mcolcon.colcon_core.environment[0m [1;30mLevel 1[0m checking '/home/putra-adnyana/kuliah/magang-bayucaraka/fp/src/ros_ws/install/dummy_crane' for CMake module files
[3.940s] [34mcolcon.colcon_core.environment[0m [1;30mLevel 1[0m checking '/home/putra-adnyana/kuliah/magang-bayucaraka/fp/src/ros_ws/install/dummy_crane' for CMake config files
[3.941s] [34mcolcon.colcon_core.environment[0m [1;30mLevel 1[0m checking '/home/putra-adnyana/kuliah/magang-bayucaraka/fp/src/ros_ws/install/dummy_crane/lib'
[3.942s] [34mcolcon.colcon_core.environment[0m [1;30mLevel 1[0m checking '/home/putra-adnyana/kuliah/magang-bayucaraka/fp/src/ros_ws/install/dummy_crane/bin'
[3.942s] [34mcolcon.colcon_core.environment[0m [1;30mLevel 1[0m checking '/home/putra-adnyana/kuliah/magang-bayucaraka/fp/src/ros_ws/install/dummy_crane/lib/pkgconfig/dummy_crane.pc'
[3.942s] [34mcolcon.colcon_core.environment[0m [1;30mLevel 1[0m checking '/home/putra-adnyana/kuliah/magang-bayucaraka/fp/src/ros_ws/install/dummy_crane/lib/python3.10/site-packages'
[3.942s] [34mcolcon.colcon_core.shell[0m [1;30mLevel 1[0m create_environment_hook('dummy_crane', 'pythonpath')
[3.942s] [34mcolcon.colcon_core.shell[0m [1;30mINFO[0m Creating environment hook '/home/putra-adnyana/kuliah/magang-bayucaraka/fp/src/ros_ws/install/dummy_crane/share/dummy_crane/hook/pythonpath.ps1'
[3.943s] [34mcolcon.colcon_core.shell[0m [1;30mINFO[0m Creating environment descriptor '/home/putra-adnyana/kuliah/magang-bayucaraka/fp/src/ros_ws/install/dummy_crane/share/dummy_crane/hook/pythonpath.dsv'
[3.944s] [34mcolcon.colcon_core.shell[0m [1;30mINFO[0m Creating environment hook '/home/putra-adnyana/kuliah/magang-bayucaraka/fp/src/ros_ws/install/dummy_crane/share/dummy_crane/hook/pythonpath.sh'
[3.946s] [34mcolcon.colcon_core.environment[0m [1;30mLevel 1[0m checking '/home/putra-adnyana/kuliah/magang-bayucaraka/fp/src/ros_ws/install/dummy_crane/bin'
[3.946s] [34mcolcon.colcon_core.environment[0m [1;30mLevel 1[0m create_environment_scripts_only(dummy_crane)
[3.947s] [34mcolcon.colcon_core.shell[0m [1;30mINFO[0m Creating package script '/home/putra-adnyana/kuliah/magang-bayucaraka/fp/src/ros_ws/install/dummy_crane/share/dummy_crane/package.ps1'
[3.948s] [34mcolcon.colcon_core.shell[0m [1;30mINFO[0m Creating package descriptor '/home/putra-adnyana/kuliah/magang-bayucaraka/fp/src/ros_ws/install/dummy_crane/share/dummy_crane/package.dsv'
[3.949s] [34mcolcon.colcon_core.shell[0m [1;30mINFO[0m Creating package script '/home/putra-adnyana/kuliah/magang-bayucaraka/fp/src/ros_ws/install/dummy_crane/share/dummy_crane/package.sh'
[3.951s] [34mcolcon.colcon_core.shell[0m [1;30mINFO[0m Creating package script '/home/putra-adnyana/kuliah/magang-bayucaraka/fp/src/ros_ws/install/dummy_crane/share/dummy_crane/package.bash'
[3.952s] [34mcolcon.colcon_core.shell[0m [1;30mINFO[0m Creating package script '/home/putra-adnyana/kuliah/magang-bayucaraka/fp/src/ros_ws/install/dummy_crane/share/dummy_crane/package.zsh'
[3.954s] [34mcolcon.colcon_core.environment[0m [1;30mLevel 1[0m create_file_with_runtime_dependencies(/home/putra-adnyana/kuliah/magang-bayucaraka/fp/src/ros_ws/install/dummy_crane/share/colcon-core/packages/dummy_crane)
[3.962s] [34mcolcon.colcon_core.environment[0m [1;30mLevel 1[0m checking '/home/putra-adnyana/kuliah/magang-bayucaraka/fp/src/ros_ws/install/camera' for CMake module files
[3.964s] [34mcolcon.colcon_core.event_handler.log_command[0m [1;30mDEBUG[0m [32mInvoked command in '/home/putra-adnyana/kuliah/magang-bayucaraka/fp/src/ros_ws/src/camera' returned '0': PYTHONPATH=/home/putra-adnyana/kuliah/magang-bayucaraka/fp/src/ros_ws/build/camera/prefix_override:/usr/lib/python3/dist-packages/colcon_core/task/python/colcon_distutils_commands:/home/putra-adnyana/kuliah/magang-bayucaraka/fp/src/ros_ws/install/camera/lib/python3.10/site-packages:${PYTHONPATH} VIRTUAL_ENV_PROMPT=(.venv) /usr/bin/python3 -W ignore:setup.py install is deprecated -W ignore:easy_install command is deprecated setup.py egg_info --egg-base ../../build/camera build --build-base /home/putra-adnyana/kuliah/magang-bayucaraka/fp/src/ros_ws/build/camera/build install --record /home/putra-adnyana/kuliah/magang-bayucaraka/fp/src/ros_ws/build/camera/install.log --single-version-externally-managed install_data[0m
[3.964s] [34mcolcon.colcon_core.environment[0m [1;30mLevel 1[0m checking '/home/putra-adnyana/kuliah/magang-bayucaraka/fp/src/ros_ws/install/camera' for CMake config files
[3.966s] [34mcolcon.colcon_core.environment[0m [1;30mLevel 1[0m checking '/home/putra-adnyana/kuliah/magang-bayucaraka/fp/src/ros_ws/install/camera/lib'
[3.966s] [34mcolcon.colcon_core.environment[0m [1;30mLevel 1[0m checking '/home/putra-adnyana/kuliah/magang-bayucaraka/fp/src/ros_ws/install/camera/bin'
[3.966s] [34mcolcon.colcon_core.environment[0m [1;30mLevel 1[0m checking '/home/putra-adnyana/kuliah/magang-bayucaraka/fp/src/ros_ws/install/camera/lib/pkgconfig/camera.pc'
[3.967s] [34mcolcon.colcon_core.environment[0m [1;30mLevel 1[0m checking '/home/putra-adnyana/kuliah/magang-bayucaraka/fp/src/ros_ws/install/camera/lib/python3.10/site-packages'
[3.967s] [34mcolcon.colcon_core.shell[0m [1;30mLevel 1[0m create_environment_hook('camera', 'pythonpath')
[3.967s] [34mcolcon.colcon_core.shell[0m [1;30mINFO[0m Creating environment hook '/home/putra-adnyana/kuliah/magang-bayucaraka/fp/src/ros_ws/install/camera/share/camera/hook/pythonpath.ps1'
[3.968s] [34mcolcon.colcon_core.shell[0m [1;30mINFO[0m Creating environment descriptor '/home/putra-adnyana/kuliah/magang-bayucaraka/fp/src/ros_ws/install/camera/share/camera/hook/pythonpath.dsv'
[3.969s] [34mcolcon.colcon_core.shell[0m [1;30mINFO[0m Creating environment hook '/home/putra-adnyana/kuliah/magang-bayucaraka/fp/src/ros_ws/install/camera/share/camera/hook/pythonpath.sh'
[3.971s] [34mcolcon.colcon_core.environment[0m [1;30mLevel 1[0m checking '/home/putra-adnyana/kuliah/magang-bayucaraka/fp/src/ros_ws/install/camera/bin'
[3.971s] [34mcolcon.colcon_core.environment[0m [1;30mLevel 1[0m create_environment_scripts_only(camera)
[3.971s] [34mcolcon.colcon_core.shell[0m [1;30mINFO[0m Creating package script '/home/putra-adnyana/kuliah/magang-bayucaraka/fp/src/ros_ws/install/camera/share/camera/package.ps1'
[3.973s] [34mcolcon.colcon_core.shell[0m [1;30mINFO[0m Creating package descriptor '/home/putra-adnyana/kuliah/magang-bayucaraka/fp/src/ros_ws/install/camera/share/camera/package.dsv'
[3.973s] [34mcolcon.colcon_core.shell[0m [1;30mINFO[0m Creating package script '/home/putra-adnyana/kuliah/magang-bayucaraka/fp/src/ros_ws/install/camera/share/camera/package.sh'
[3.974s] [34mcolcon.colcon_core.shell[0m [1;30mINFO[0m Creating package script '/home/putra-adnyana/kuliah/magang-bayucaraka/fp/src/ros_ws/install/camera/share/camera/package.bash'
[3.975s] [34mcolcon.colcon_core.shell[0m [1;30mINFO[0m Creating package script '/home/putra-adnyana/kuliah/magang-bayucaraka/fp/src/ros_ws/install/camera/share/camera/package.zsh'
[3.977s] [34mcolcon.colcon_core.environment[0m [1;30mLevel 1[0m create_file_with_runtime_dependencies(/home/putra-adnyana/kuliah/magang-bayucaraka/fp/src/ros_ws/install/camera/share/colcon-core/packages/camera)
[3.979s] [34mcolcon.colcon_core.environment[0m [1;30mLevel 1[0m checking '/home/putra-adnyana/kuliah/magang-bayucaraka/fp/src/ros_ws/install/crane' for CMake module files
[3.980s] [34mcolcon.colcon_core.event_handler.log_command[0m [1;30mDEBUG[0m [32mInvoked command in '/home/putra-adnyana/kuliah/magang-bayucaraka/fp/src/ros_ws/src/crane' returned '0': PYTHONPATH=/home/putra-adnyana/kuliah/magang-bayucaraka/fp/src/ros_ws/build/crane/prefix_override:/usr/lib/python3/dist-packages/colcon_core/task/python/colcon_distutils_commands:/home/putra-adnyana/kuliah/magang-bayucaraka/fp/src/ros_ws/install/crane/lib/python3.10/site-packages:${PYTHONPATH} VIRTUAL_ENV_PROMPT=(.venv) /usr/bin/python3 -W ignore:setup.py install is deprecated -W ignore:easy_install command is deprecated setup.py egg_info --egg-base ../../build/crane build --build-base /home/putra-adnyana/kuliah/magang-bayucaraka/fp/src/ros_ws/build/crane/build install --record /home/putra-adnyana/kuliah/magang-bayucaraka/fp/src/ros_ws/build/crane/install.log --single-version-externally-managed install_data[0m
[3.981s] [34mcolcon.colcon_core.environment[0m [1;30mLevel 1[0m checking '/home/putra-adnyana/kuliah/magang-bayucaraka/fp/src/ros_ws/install/crane' for CMake config files
[3.982s] [34mcolcon.colcon_core.environment[0m [1;30mLevel 1[0m checking '/home/putra-adnyana/kuliah/magang-bayucaraka/fp/src/ros_ws/install/crane/lib'
[3.983s] [34mcolcon.colcon_core.environment[0m [1;30mLevel 1[0m checking '/home/putra-adnyana/kuliah/magang-bayucaraka/fp/src/ros_ws/install/crane/bin'
[3.983s] [34mcolcon.colcon_core.environment[0m [1;30mLevel 1[0m checking '/home/putra-adnyana/kuliah/magang-bayucaraka/fp/src/ros_ws/install/crane/lib/pkgconfig/crane.pc'
[3.983s] [34mcolcon.colcon_core.environment[0m [1;30mLevel 1[0m checking '/home/putra-adnyana/kuliah/magang-bayucaraka/fp/src/ros_ws/install/crane/lib/python3.10/site-packages'
[3.984s] [34mcolcon.colcon_core.shell[0m [1;30mLevel 1[0m create_environment_hook('crane', 'pythonpath')
[3.984s] [34mcolcon.colcon_core.shell[0m [1;30mINFO[0m Creating environment hook '/home/putra-adnyana/kuliah/magang-bayucaraka/fp/src/ros_ws/install/crane/share/crane/hook/pythonpath.ps1'
[3.985s] [34mcolcon.colcon_core.shell[0m [1;30mINFO[0m Creating environment descriptor '/home/putra-adnyana/kuliah/magang-bayucaraka/fp/src/ros_ws/install/crane/share/crane/hook/pythonpath.dsv'
[3.986s] [34mcolcon.colcon_core.shell[0m [1;30mINFO[0m Creating environment hook '/home/putra-adnyana/kuliah/magang-bayucaraka/fp/src/ros_ws/install/crane/share/crane/hook/pythonpath.sh'
[3.987s] [34mcolcon.colcon_core.environment[0m [1;30mLevel 1[0m checking '/home/putra-adnyana/kuliah/magang-bayucaraka/fp/src/ros_ws/install/crane/bin'
[3.988s] [34mcolcon.colcon_core.environment[0m [1;30mLevel 1[0m create_environment_scripts_only(crane)
[3.988s] [34mcolcon.colcon_core.shell[0m [1;30mINFO[0m Creating package script '/home/putra-adnyana/kuliah/magang-bayucaraka/fp/src/ros_ws/install/crane/share/crane/package.ps1'
[3.989s] [34mcolcon.colcon_core.shell[0m [1;30mINFO[0m Creating package descriptor '/home/putra-adnyana/kuliah/magang-bayucaraka/fp/src/ros_ws/install/crane/share/crane/package.dsv'
[3.990s] [34mcolcon.colcon_core.shell[0m [1;30mINFO[0m Creating package script '/home/putra-adnyana/kuliah/magang-bayucaraka/fp/src/ros_ws/install/crane/share/crane/package.sh'
[3.991s] [34mcolcon.colcon_core.shell[0m [1;30mINFO[0m Creating package script '/home/putra-adnyana/kuliah/magang-bayucaraka/fp/src/ros_ws/install/crane/share/crane/package.bash'
[3.992s] [34mcolcon.colcon_core.shell[0m [1;30mINFO[0m Creating package script '/home/putra-adnyana/kuliah/magang-bayucaraka/fp/src/ros_ws/install/crane/share/crane/package.zsh'
[3.993s] [34mcolcon.colcon_core.environment[0m [1;30mLevel 1[0m create_file_with_runtime_dependencies(/home/putra-adnyana/kuliah/magang-bayucaraka/fp/src/ros_ws/install/crane/share/colcon-core/packages/crane)
[3.993s] [34mcolcon.colcon_parallel_executor.executor.parallel[0m [1;30mDEBUG[0m [32mclosing loop[0m
[3.994s] [34mcolcon.colcon_parallel_executor.executor.parallel[0m [1;30mDEBUG[0m [32mloop closed[0m
[3.994s] [34mcolcon.colcon_parallel_executor.executor.parallel[0m [1;30mDEBUG[0m [32mrun_until_complete finished with '0'[0m
[3.994s] [34mcolcon.colcon_core.event_reactor[0m [1;30mDEBUG[0m [32mjoining thread[0m
[4.005s] [34mcolcon.colcon_core.plugin_system[0m [1;30mINFO[0m Skipping extension 'colcon_notification.desktop_notification.terminal_notifier': Not used on non-Darwin systems
[4.005s] [34mcolcon.colcon_core.plugin_system[0m [1;30mINFO[0m Skipping extension 'colcon_notification.desktop_notification.win32': Not used on non-Windows systems
[4.005s] [34mcolcon.colcon_notification.desktop_notification[0m [1;30mINFO[0m Sending desktop notification using 'notify2'
[4.019s] [34mcolcon.colcon_core.event_reactor[0m [1;30mDEBUG[0m [32mjoined thread[0m
[4.020s] [34mcolcon.colcon_core.shell[0m [1;30mINFO[0m Creating prefix script '/home/putra-adnyana/kuliah/magang-bayucaraka/fp/src/ros_ws/install/local_setup.ps1'
[4.023s] [34mcolcon.colcon_core.shell[0m [1;30mINFO[0m Creating prefix util module '/home/putra-adnyana/kuliah/magang-bayucaraka/fp/src/ros_ws/install/_local_setup_util_ps1.py'
[4.027s] [34mcolcon.colcon_core.shell[0m [1;30mINFO[0m Creating prefix chain script '/home/putra-adnyana/kuliah/magang-bayucaraka/fp/src/ros_ws/install/setup.ps1'
[4.029s] [34mcolcon.colcon_core.shell[0m [1;30mINFO[0m Creating prefix script '/home/putra-adnyana/kuliah/magang-bayucaraka/fp/src/ros_ws/install/local_setup.sh'
[4.031s] [34mcolcon.colcon_core.shell[0m [1;30mINFO[0m Creating prefix util module '/home/putra-adnyana/kuliah/magang-bayucaraka/fp/src/ros_ws/install/_local_setup_util_sh.py'
[4.032s] [34mcolcon.colcon_core.shell[0m [1;30mINFO[0m Creating prefix chain script '/home/putra-adnyana/kuliah/magang-bayucaraka/fp/src/ros_ws/install/setup.sh'
[4.034s] [34mcolcon.colcon_core.shell[0m [1;30mINFO[0m Creating prefix script '/home/putra-adnyana/kuliah/magang-bayucaraka/fp/src/ros_ws/install/local_setup.bash'
[4.036s] [34mcolcon.colcon_core.shell[0m [1;30mINFO[0m Creating prefix chain script '/home/putra-adnyana/kuliah/magang-bayucaraka/fp/src/ros_ws/install/setup.bash'
[4.038s] [34mcolcon.colcon_core.shell[0m [1;30mINFO[0m Creating prefix script '/home/putra-adnyana/kuliah/magang-bayucaraka/fp/src/ros_ws/install/local_setup.zsh'
[4.040s] [34mcolcon.colcon_core.shell[0m [1;30mINFO[0m Creating prefix chain script '/home/putra-adnyana/kuliah/magang-bayucaraka/fp/src/ros_ws/install/setup.zsh'
