running egg_info
creating ../build/dummy_crane/dummy_crane.egg-info
writing ../build/dummy_crane/dummy_crane.egg-info/PKG-INFO
writing dependency_links to ../build/dummy_crane/dummy_crane.egg-info/dependency_links.txt
writing requirements to ../build/dummy_crane/dummy_crane.egg-info/requires.txt
writing top-level names to ../build/dummy_crane/dummy_crane.egg-info/top_level.txt
writing manifest file '../build/dummy_crane/dummy_crane.egg-info/SOURCES.txt'
reading manifest file '../build/dummy_crane/dummy_crane.egg-info/SOURCES.txt'
writing manifest file '../build/dummy_crane/dummy_crane.egg-info/SOURCES.txt'
running build
running build_py
creating /home/putra-adnyana/kuliah/magang-bayucaraka/fp/src/ros_ws/build/dummy_crane/build/lib/dummy_crane
copying dummy_crane/__init__.py -> /home/putra-adnyana/kuliah/magang-bayucaraka/fp/src/ros_ws/build/dummy_crane/build/lib/dummy_crane
running install
running install_lib
creating /home/putra-adnyana/kuliah/magang-bayucaraka/fp/src/ros_ws/install/dummy_crane/lib/python3.10/site-packages/dummy_crane
copying /home/putra-adnyana/kuliah/magang-bayucaraka/fp/src/ros_ws/build/dummy_crane/build/lib/dummy_crane/__init__.py -> /home/putra-adnyana/kuliah/magang-bayucaraka/fp/src/ros_ws/install/dummy_crane/lib/python3.10/site-packages/dummy_crane
byte-compiling /home/putra-adnyana/kuliah/magang-bayucaraka/fp/src/ros_ws/install/dummy_crane/lib/python3.10/site-packages/dummy_crane/__init__.py to __init__.cpython-310.pyc
running install_data
creating /home/putra-adnyana/kuliah/magang-bayucaraka/fp/src/ros_ws/install/dummy_crane/share/ament_index/resource_index/packages
copying resource/dummy_crane -> /home/putra-adnyana/kuliah/magang-bayucaraka/fp/src/ros_ws/install/dummy_crane/share/ament_index/resource_index/packages
copying package.xml -> /home/putra-adnyana/kuliah/magang-bayucaraka/fp/src/ros_ws/install/dummy_crane/share/dummy_crane
running install_egg_info
Copying ../build/dummy_crane/dummy_crane.egg-info to /home/putra-adnyana/kuliah/magang-bayucaraka/fp/src/ros_ws/install/dummy_crane/lib/python3.10/site-packages/dummy_crane-0.0.0-py3.10.egg-info
running install_scripts
writing list of installed files to '/home/putra-adnyana/kuliah/magang-bayucaraka/fp/src/ros_ws/build/dummy_crane/install.log'
