[0.956s] Invoking command in '/home/putra-adnyana/kuliah/magang-bayucaraka/fp/src/ros_ws/build/crane_interface': CMAKE_PREFIX_PATH=/opt/ros/humble VIRTUAL_ENV_PROMPT=(.venv) /usr/bin/cmake /home/putra-adnyana/kuliah/magang-bayucaraka/fp/src/ros_ws/src/crane_interface -DCMAKE_INSTALL_PREFIX=/home/putra-adnyana/kuliah/magang-bayucaraka/fp/src/ros_ws/install/crane_interface
[0.982s] -- Found ament_cmake: 1.3.12 (/opt/ros/humble/share/ament_cmake/cmake)
[1.249s] -- Found std_srvs: 4.9.0 (/opt/ros/humble/share/std_srvs/cmake)
[1.303s] -- Found rosidl_generator_c: 3.1.8 (/opt/ros/humble/share/rosidl_generator_c/cmake)
[1.308s] -- Found rosidl_adapter: 3.1.8 (/opt/ros/humble/share/rosidl_adapter/cmake)
[1.321s] -- Found rosidl_generator_cpp: 3.1.8 (/opt/ros/humble/share/rosidl_generator_cpp/cmake)
[1.342s] -- Using all available rosidl_typesupport_c: rosidl_typesupport_fastrtps_c;rosidl_typesupport_introspection_c
[1.368s] -- Using all available rosidl_typesupport_cpp: rosidl_typesupport_fastrtps_cpp;rosidl_typesupport_introspection_cpp
[1.632s] [31mCMake Error at /opt/ros/humble/share/rosidl_adapter/cmake/rosidl_adapt_interfaces.cmake:59 (message):
[1.632s]   
[1.632s]   execute_process(/home/putra-adnyana/kuliah/magang-bayucaraka/fp/.venv/bin/python3
[1.633s]   -m rosidl_adapter --package-name crane_interface --arguments-file
[1.633s]   /home/putra-adnyana/kuliah/magang-bayucaraka/fp/src/ros_ws/build/crane_interface/rosidl_adapter__arguments__crane_interface.json
[1.633s]   --output-dir
[1.633s]   /home/putra-adnyana/kuliah/magang-bayucaraka/fp/src/ros_ws/build/crane_interface/rosidl_adapter/crane_interface
[1.633s]   --output-file
[1.633s]   /home/putra-adnyana/kuliah/magang-bayucaraka/fp/src/ros_ws/build/crane_interface/rosidl_adapter/crane_interface.idls)
[1.633s]   returned error code 1:
[1.633s] 
[1.634s]   AttributeError processing template 'srv.idl.em'
[1.634s] 
[1.634s]   Traceback (most recent call last):
[1.634s] 
[1.634s]     File "/opt/ros/humble/local/lib/python3.10/dist-packages/rosidl_adapter/resource/__init__.py", line 51, in evaluate_template
[1.634s]       em.BUFFERED_OPT: True,
[1.634s] 
[1.634s]   AttributeError: module 'em' has no attribute 'BUFFERED_OPT'
[1.635s] 
[1.635s]   
[1.635s] 
[1.635s]   During handling of the above exception, another exception occurred:
[1.635s] 
[1.635s]   
[1.635s] 
[1.635s]   Traceback (most recent call last):
[1.636s] 
[1.636s]     File "/usr/lib/python3.10/runpy.py", line 196, in _run_module_as_main
[1.636s]       return _run_code(code, main_globals, None,
[1.636s]     File "/usr/lib/python3.10/runpy.py", line 86, in _run_code
[1.636s]       exec(code, run_globals)
[1.636s]     File "/opt/ros/humble/local/lib/python3.10/dist-packages/rosidl_adapter/__main__.py", line 19, in <module>
[1.636s]       sys.exit(main())
[1.636s]     File "/opt/ros/humble/local/lib/python3.10/dist-packages/rosidl_adapter/main.py", line 53, in main
[1.636s]       abs_idl_file = convert_to_idl(
[1.637s]     File "/opt/ros/humble/local/lib/python3.10/dist-packages/rosidl_adapter/__init__.py", line 24, in convert_to_idl
[1.637s]       return convert_srv_to_idl(
[1.637s]     File "/opt/ros/humble/local/lib/python3.10/dist-packages/rosidl_adapter/srv/__init__.py", line 39, in convert_srv_to_idl
[1.637s]       expand_template('srv.idl.em', data, output_file, encoding='iso-8859-1')
[1.637s]     File "/opt/ros/humble/local/lib/python3.10/dist-packages/rosidl_adapter/resource/__init__.py", line 23, in expand_template
[1.637s]       content = evaluate_template(template_name, data)
[1.637s]     File "/opt/ros/humble/local/lib/python3.10/dist-packages/rosidl_adapter/resource/__init__.py", line 69, in evaluate_template
[1.637s]       _interpreter.shutdown()
[1.637s] 
[1.638s]   AttributeError: 'NoneType' object has no attribute 'shutdown'
[1.638s] 
[1.638s] Call Stack (most recent call first):
[1.638s]   /opt/ros/humble/share/rosidl_cmake/cmake/rosidl_generate_interfaces.cmake:130 (rosidl_adapt_interfaces)
[1.638s]   CMakeLists.txt:15 (rosidl_generate_interfaces)
[1.638s] 
[1.638s] [0m
[1.638s] -- Configuring incomplete, errors occurred!
[1.638s] See also "/home/putra-adnyana/kuliah/magang-bayucaraka/fp/src/ros_ws/build/crane_interface/CMakeFiles/CMakeOutput.log".
[1.645s] Invoked command in '/home/putra-adnyana/kuliah/magang-bayucaraka/fp/src/ros_ws/build/crane_interface' returned '1': CMAKE_PREFIX_PATH=/opt/ros/humble VIRTUAL_ENV_PROMPT=(.venv) /usr/bin/cmake /home/putra-adnyana/kuliah/magang-bayucaraka/fp/src/ros_ws/src/crane_interface -DCMAKE_INSTALL_PREFIX=/home/putra-adnyana/kuliah/magang-bayucaraka/fp/src/ros_ws/install/crane_interface
