[2.340s] Invoking command in '/home/putra-adnyana/kuliah/magang-bayucaraka/fp/src/ros_ws/src/crane': PYTHONPATH=/home/putra-adnyana/kuliah/magang-bayucaraka/fp/src/ros_ws/build/crane/prefix_override:/usr/lib/python3/dist-packages/colcon_core/task/python/colcon_distutils_commands:/home/putra-adnyana/kuliah/magang-bayucaraka/fp/src/ros_ws/install/crane/lib/python3.10/site-packages:${PYTHONPATH} VIRTUAL_ENV_PROMPT=(.venv) /usr/bin/python3 -W ignore:setup.py install is deprecated -W ignore:easy_install command is deprecated setup.py egg_info --egg-base ../../build/crane build --build-base /home/putra-adnyana/kuliah/magang-bayucaraka/fp/src/ros_ws/build/crane/build install --record /home/putra-adnyana/kuliah/magang-bayucaraka/fp/src/ros_ws/build/crane/install.log --single-version-externally-managed install_data
[2.909s] running egg_info
[2.946s] writing ../../build/crane/crane.egg-info/PKG-INFO
[2.947s] writing dependency_links to ../../build/crane/crane.egg-info/dependency_links.txt
[2.947s] writing entry points to ../../build/crane/crane.egg-info/entry_points.txt
[2.948s] writing requirements to ../../build/crane/crane.egg-info/requires.txt
[2.948s] writing top-level names to ../../build/crane/crane.egg-info/top_level.txt
[3.023s] reading manifest file '../../build/crane/crane.egg-info/SOURCES.txt'
[3.025s] writing manifest file '../../build/crane/crane.egg-info/SOURCES.txt'
[3.026s] running build
[3.026s] running build_py
[3.027s] copying crane/__init__.py -> /home/putra-adnyana/kuliah/magang-bayucaraka/fp/src/ros_ws/build/crane/build/lib/crane
[3.028s] running install
[3.036s] running install_lib
[3.074s] running install_data
[3.074s] copying resource/crane -> /home/putra-adnyana/kuliah/magang-bayucaraka/fp/src/ros_ws/install/crane/share/ament_index/resource_index/packages
[3.074s] copying package.xml -> /home/putra-adnyana/kuliah/magang-bayucaraka/fp/src/ros_ws/install/crane/share/crane
[3.075s] running install_egg_info
[3.114s] removing '/home/putra-adnyana/kuliah/magang-bayucaraka/fp/src/ros_ws/install/crane/lib/python3.10/site-packages/crane-0.0.0-py3.10.egg-info' (and everything under it)
[3.115s] Copying ../../build/crane/crane.egg-info to /home/putra-adnyana/kuliah/magang-bayucaraka/fp/src/ros_ws/install/crane/lib/python3.10/site-packages/crane-0.0.0-py3.10.egg-info
[3.118s] running install_scripts
[3.196s] Installing crane script to /home/putra-adnyana/kuliah/magang-bayucaraka/fp/src/ros_ws/install/crane/lib/crane
[3.196s] writing list of installed files to '/home/putra-adnyana/kuliah/magang-bayucaraka/fp/src/ros_ws/build/crane/install.log'
[3.250s] Invoked command in '/home/putra-adnyana/kuliah/magang-bayucaraka/fp/src/ros_ws/src/crane' returned '0': PYTHONPATH=/home/putra-adnyana/kuliah/magang-bayucaraka/fp/src/ros_ws/build/crane/prefix_override:/usr/lib/python3/dist-packages/colcon_core/task/python/colcon_distutils_commands:/home/putra-adnyana/kuliah/magang-bayucaraka/fp/src/ros_ws/install/crane/lib/python3.10/site-packages:${PYTHONPATH} VIRTUAL_ENV_PROMPT=(.venv) /usr/bin/python3 -W ignore:setup.py install is deprecated -W ignore:easy_install command is deprecated setup.py egg_info --egg-base ../../build/crane build --build-base /home/putra-adnyana/kuliah/magang-bayucaraka/fp/src/ros_ws/build/crane/build install --record /home/putra-adnyana/kuliah/magang-bayucaraka/fp/src/ros_ws/build/crane/install.log --single-version-externally-managed install_data
