[0.915s] Invoking command in '/home/putra-adnyana/kuliah/magang-bayucaraka/FP-Bayucaraka/programming/revisi/ros_ws/src/camera': PYTHONPATH=/home/putra-adnyana/kuliah/magang-bayucaraka/FP-Bayucaraka/programming/revisi/ros_ws/build/camera/prefix_override:/usr/lib/python3/dist-packages/colcon_core/task/python/colcon_distutils_commands:/home/putra-adnyana/kuliah/magang-bayucaraka/FP-Bayucaraka/programming/revisi/ros_ws/install/camera/lib/python3.10/site-packages:${PYTHONPATH} /usr/bin/python3 -W ignore:setup.py install is deprecated -W ignore:easy_install command is deprecated setup.py egg_info --egg-base ../../build/camera build --build-base /home/putra-adnyana/kuliah/magang-bayucaraka/FP-Bayucaraka/programming/revisi/ros_ws/build/camera/build install --record /home/putra-adnyana/kuliah/magang-bayucaraka/FP-Bayucaraka/programming/revisi/ros_ws/build/camera/install.log --single-version-externally-managed install_data
[1.187s] running egg_info
[1.204s] writing ../../build/camera/camera.egg-info/PKG-INFO
[1.204s] writing dependency_links to ../../build/camera/camera.egg-info/dependency_links.txt
[1.205s] writing entry points to ../../build/camera/camera.egg-info/entry_points.txt
[1.205s] writing requirements to ../../build/camera/camera.egg-info/requires.txt
[1.205s] writing top-level names to ../../build/camera/camera.egg-info/top_level.txt
[1.241s] reading manifest file '../../build/camera/camera.egg-info/SOURCES.txt'
[1.243s] writing manifest file '../../build/camera/camera.egg-info/SOURCES.txt'
[1.243s] running build
[1.243s] running build_py
[1.243s] copying camera/__init__.py -> /home/putra-adnyana/kuliah/magang-bayucaraka/FP-Bayucaraka/programming/revisi/ros_ws/build/camera/build/lib/camera
[1.244s] running install
[1.248s] running install_lib
[1.266s] copying /home/putra-adnyana/kuliah/magang-bayucaraka/FP-Bayucaraka/programming/revisi/ros_ws/build/camera/build/lib/camera/__init__.py -> /home/putra-adnyana/kuliah/magang-bayucaraka/FP-Bayucaraka/programming/revisi/ros_ws/install/camera/lib/python3.10/site-packages/camera
[1.267s] byte-compiling /home/putra-adnyana/kuliah/magang-bayucaraka/FP-Bayucaraka/programming/revisi/ros_ws/install/camera/lib/python3.10/site-packages/camera/__init__.py to __init__.cpython-310.pyc
[1.269s] running install_data
[1.269s] copying resource/camera -> /home/putra-adnyana/kuliah/magang-bayucaraka/FP-Bayucaraka/programming/revisi/ros_ws/install/camera/share/ament_index/resource_index/packages
[1.270s] copying package.xml -> /home/putra-adnyana/kuliah/magang-bayucaraka/FP-Bayucaraka/programming/revisi/ros_ws/install/camera/share/camera
[1.270s] running install_egg_info
[1.288s] removing '/home/putra-adnyana/kuliah/magang-bayucaraka/FP-Bayucaraka/programming/revisi/ros_ws/install/camera/lib/python3.10/site-packages/camera-0.0.0-py3.10.egg-info' (and everything under it)
[1.289s] Copying ../../build/camera/camera.egg-info to /home/putra-adnyana/kuliah/magang-bayucaraka/FP-Bayucaraka/programming/revisi/ros_ws/install/camera/lib/python3.10/site-packages/camera-0.0.0-py3.10.egg-info
[1.290s] running install_scripts
[1.326s] Installing camera script to /home/putra-adnyana/kuliah/magang-bayucaraka/FP-Bayucaraka/programming/revisi/ros_ws/install/camera/lib/camera
[1.326s] writing list of installed files to '/home/putra-adnyana/kuliah/magang-bayucaraka/FP-Bayucaraka/programming/revisi/ros_ws/build/camera/install.log'
[1.371s] Invoked command in '/home/putra-adnyana/kuliah/magang-bayucaraka/FP-Bayucaraka/programming/revisi/ros_ws/src/camera' returned '0': PYTHONPATH=/home/putra-adnyana/kuliah/magang-bayucaraka/FP-Bayucaraka/programming/revisi/ros_ws/build/camera/prefix_override:/usr/lib/python3/dist-packages/colcon_core/task/python/colcon_distutils_commands:/home/putra-adnyana/kuliah/magang-bayucaraka/FP-Bayucaraka/programming/revisi/ros_ws/install/camera/lib/python3.10/site-packages:${PYTHONPATH} /usr/bin/python3 -W ignore:setup.py install is deprecated -W ignore:easy_install command is deprecated setup.py egg_info --egg-base ../../build/camera build --build-base /home/putra-adnyana/kuliah/magang-bayucaraka/FP-Bayucaraka/programming/revisi/ros_ws/build/camera/build install --record /home/putra-adnyana/kuliah/magang-bayucaraka/FP-Bayucaraka/programming/revisi/ros_ws/build/camera/install.log --single-version-externally-managed install_data
