[2.375s] Invoking command in '/home/putra-adnyana/kuliah/magang-bayucaraka/fp/src/ros_ws/src/camera': PYTHONPATH=/home/putra-adnyana/kuliah/magang-bayucaraka/fp/src/ros_ws/build/camera/prefix_override:/usr/lib/python3/dist-packages/colcon_core/task/python/colcon_distutils_commands:/home/putra-adnyana/kuliah/magang-bayucaraka/fp/src/ros_ws/install/camera/lib/python3.10/site-packages:${PYTHONPATH} VIRTUAL_ENV_PROMPT=(.venv) /usr/bin/python3 -W ignore:setup.py install is deprecated -W ignore:easy_install command is deprecated setup.py egg_info --egg-base ../../build/camera build --build-base /home/putra-adnyana/kuliah/magang-bayucaraka/fp/src/ros_ws/build/camera/build install --record /home/putra-adnyana/kuliah/magang-bayucaraka/fp/src/ros_ws/build/camera/install.log --single-version-externally-managed install_data
[2.932s] running egg_info
[2.968s] writing ../../build/camera/camera.egg-info/PKG-INFO
[2.969s] writing dependency_links to ../../build/camera/camera.egg-info/dependency_links.txt
[2.970s] writing entry points to ../../build/camera/camera.egg-info/entry_points.txt
[2.970s] writing requirements to ../../build/camera/camera.egg-info/requires.txt
[2.971s] writing top-level names to ../../build/camera/camera.egg-info/top_level.txt
[3.047s] reading manifest file '../../build/camera/camera.egg-info/SOURCES.txt'
[3.050s] writing manifest file '../../build/camera/camera.egg-info/SOURCES.txt'
[3.050s] running build
[3.051s] running build_py
[3.051s] copying camera/__init__.py -> /home/putra-adnyana/kuliah/magang-bayucaraka/fp/src/ros_ws/build/camera/build/lib/camera
[3.052s] running install
[3.061s] running install_lib
[3.097s] copying /home/putra-adnyana/kuliah/magang-bayucaraka/fp/src/ros_ws/build/camera/build/lib/camera/__init__.py -> /home/putra-adnyana/kuliah/magang-bayucaraka/fp/src/ros_ws/install/camera/lib/python3.10/site-packages/camera
[3.098s] byte-compiling /home/putra-adnyana/kuliah/magang-bayucaraka/fp/src/ros_ws/install/camera/lib/python3.10/site-packages/camera/__init__.py to __init__.cpython-310.pyc
[3.104s] running install_data
[3.105s] copying resource/camera -> /home/putra-adnyana/kuliah/magang-bayucaraka/fp/src/ros_ws/install/camera/share/ament_index/resource_index/packages
[3.105s] copying package.xml -> /home/putra-adnyana/kuliah/magang-bayucaraka/fp/src/ros_ws/install/camera/share/camera
[3.105s] running install_egg_info
[3.145s] removing '/home/putra-adnyana/kuliah/magang-bayucaraka/fp/src/ros_ws/install/camera/lib/python3.10/site-packages/camera-0.0.0-py3.10.egg-info' (and everything under it)
[3.146s] Copying ../../build/camera/camera.egg-info to /home/putra-adnyana/kuliah/magang-bayucaraka/fp/src/ros_ws/install/camera/lib/python3.10/site-packages/camera-0.0.0-py3.10.egg-info
[3.148s] running install_scripts
[3.226s] Installing camera script to /home/putra-adnyana/kuliah/magang-bayucaraka/fp/src/ros_ws/install/camera/lib/camera
[3.226s] writing list of installed files to '/home/putra-adnyana/kuliah/magang-bayucaraka/fp/src/ros_ws/build/camera/install.log'
[3.305s] Invoked command in '/home/putra-adnyana/kuliah/magang-bayucaraka/fp/src/ros_ws/src/camera' returned '0': PYTHONPATH=/home/putra-adnyana/kuliah/magang-bayucaraka/fp/src/ros_ws/build/camera/prefix_override:/usr/lib/python3/dist-packages/colcon_core/task/python/colcon_distutils_commands:/home/putra-adnyana/kuliah/magang-bayucaraka/fp/src/ros_ws/install/camera/lib/python3.10/site-packages:${PYTHONPATH} VIRTUAL_ENV_PROMPT=(.venv) /usr/bin/python3 -W ignore:setup.py install is deprecated -W ignore:easy_install command is deprecated setup.py egg_info --egg-base ../../build/camera build --build-base /home/putra-adnyana/kuliah/magang-bayucaraka/fp/src/ros_ws/build/camera/build install --record /home/putra-adnyana/kuliah/magang-bayucaraka/fp/src/ros_ws/build/camera/install.log --single-version-externally-managed install_data
