[2.323s] Invoking command in '/home/putra-adnyana/kuliah/magang-bayucaraka/fp/src/ros_ws/src/camera': PYTHONPATH=/home/putra-adnyana/kuliah/magang-bayucaraka/fp/src/ros_ws/build/camera/prefix_override:/usr/lib/python3/dist-packages/colcon_core/task/python/colcon_distutils_commands:/home/putra-adnyana/kuliah/magang-bayucaraka/fp/src/ros_ws/install/camera/lib/python3.10/site-packages:${PYTHONPATH} VIRTUAL_ENV_PROMPT=(.venv) /usr/bin/python3 -W ignore:setup.py install is deprecated -W ignore:easy_install command is deprecated setup.py egg_info --egg-base ../../build/camera build --build-base /home/putra-adnyana/kuliah/magang-bayucaraka/fp/src/ros_ws/build/camera/build install --record /home/putra-adnyana/kuliah/magang-bayucaraka/fp/src/ros_ws/build/camera/install.log --single-version-externally-managed install_data
[2.847s] running egg_info
[2.877s] writing ../../build/camera/camera.egg-info/PKG-INFO
[2.878s] writing dependency_links to ../../build/camera/camera.egg-info/dependency_links.txt
[2.878s] writing entry points to ../../build/camera/camera.egg-info/entry_points.txt
[2.879s] writing requirements to ../../build/camera/camera.egg-info/requires.txt
[2.879s] writing top-level names to ../../build/camera/camera.egg-info/top_level.txt
[2.942s] reading manifest file '../../build/camera/camera.egg-info/SOURCES.txt'
[2.945s] writing manifest file '../../build/camera/camera.egg-info/SOURCES.txt'
[2.945s] running build
[2.945s] running build_py
[2.945s] copying camera/__init__.py -> /home/putra-adnyana/kuliah/magang-bayucaraka/fp/src/ros_ws/build/camera/build/lib/camera
[2.946s] running install
[2.954s] running install_lib
[2.985s] running install_data
[2.986s] copying resource/camera -> /home/putra-adnyana/kuliah/magang-bayucaraka/fp/src/ros_ws/install/camera/share/ament_index/resource_index/packages
[2.986s] copying package.xml -> /home/putra-adnyana/kuliah/magang-bayucaraka/fp/src/ros_ws/install/camera/share/camera
[2.987s] running install_egg_info
[3.017s] removing '/home/putra-adnyana/kuliah/magang-bayucaraka/fp/src/ros_ws/install/camera/lib/python3.10/site-packages/camera-0.0.0-py3.10.egg-info' (and everything under it)
[3.018s] Copying ../../build/camera/camera.egg-info to /home/putra-adnyana/kuliah/magang-bayucaraka/fp/src/ros_ws/install/camera/lib/python3.10/site-packages/camera-0.0.0-py3.10.egg-info
[3.020s] running install_scripts
[3.080s] Installing camera script to /home/putra-adnyana/kuliah/magang-bayucaraka/fp/src/ros_ws/install/camera/lib/camera
[3.081s] writing list of installed files to '/home/putra-adnyana/kuliah/magang-bayucaraka/fp/src/ros_ws/build/camera/install.log'
[3.119s] Invoked command in '/home/putra-adnyana/kuliah/magang-bayucaraka/fp/src/ros_ws/src/camera' returned '0': PYTHONPATH=/home/putra-adnyana/kuliah/magang-bayucaraka/fp/src/ros_ws/build/camera/prefix_override:/usr/lib/python3/dist-packages/colcon_core/task/python/colcon_distutils_commands:/home/putra-adnyana/kuliah/magang-bayucaraka/fp/src/ros_ws/install/camera/lib/python3.10/site-packages:${PYTHONPATH} VIRTUAL_ENV_PROMPT=(.venv) /usr/bin/python3 -W ignore:setup.py install is deprecated -W ignore:easy_install command is deprecated setup.py egg_info --egg-base ../../build/camera build --build-base /home/putra-adnyana/kuliah/magang-bayucaraka/fp/src/ros_ws/build/camera/build install --record /home/putra-adnyana/kuliah/magang-bayucaraka/fp/src/ros_ws/build/camera/install.log --single-version-externally-managed install_data
