[2.333s] Invoking command in '/home/putra-adnyana/kuliah/magang-bayucaraka/fp/src/ros_ws/src/crane': PYTHONPATH=/home/putra-adnyana/kuliah/magang-bayucaraka/fp/src/ros_ws/build/crane/prefix_override:/usr/lib/python3/dist-packages/colcon_core/task/python/colcon_distutils_commands:/home/putra-adnyana/kuliah/magang-bayucaraka/fp/src/ros_ws/install/crane/lib/python3.10/site-packages:${PYTHONPATH} VIRTUAL_ENV_PROMPT=(.venv) /usr/bin/python3 -W ignore:setup.py install is deprecated -W ignore:easy_install command is deprecated setup.py egg_info --egg-base ../../build/crane build --build-base /home/putra-adnyana/kuliah/magang-bayucaraka/fp/src/ros_ws/build/crane/build install --record /home/putra-adnyana/kuliah/magang-bayucaraka/fp/src/ros_ws/build/crane/install.log --single-version-externally-managed install_data
[2.891s] running egg_info
[2.928s] writing ../../build/crane/crane.egg-info/PKG-INFO
[2.929s] writing dependency_links to ../../build/crane/crane.egg-info/dependency_links.txt
[2.930s] writing entry points to ../../build/crane/crane.egg-info/entry_points.txt
[2.931s] writing requirements to ../../build/crane/crane.egg-info/requires.txt
[2.931s] writing top-level names to ../../build/crane/crane.egg-info/top_level.txt
[3.006s] reading manifest file '../../build/crane/crane.egg-info/SOURCES.txt'
[3.009s] writing manifest file '../../build/crane/crane.egg-info/SOURCES.txt'
[3.009s] running build
[3.010s] running build_py
[3.010s] copying crane/__init__.py -> /home/putra-adnyana/kuliah/magang-bayucaraka/fp/src/ros_ws/build/crane/build/lib/crane
[3.011s] running install
[3.021s] running install_lib
[3.059s] running install_data
[3.059s] copying resource/crane -> /home/putra-adnyana/kuliah/magang-bayucaraka/fp/src/ros_ws/install/crane/share/ament_index/resource_index/packages
[3.060s] copying package.xml -> /home/putra-adnyana/kuliah/magang-bayucaraka/fp/src/ros_ws/install/crane/share/crane
[3.060s] running install_egg_info
[3.099s] removing '/home/putra-adnyana/kuliah/magang-bayucaraka/fp/src/ros_ws/install/crane/lib/python3.10/site-packages/crane-0.0.0-py3.10.egg-info' (and everything under it)
[3.100s] Copying ../../build/crane/crane.egg-info to /home/putra-adnyana/kuliah/magang-bayucaraka/fp/src/ros_ws/install/crane/lib/python3.10/site-packages/crane-0.0.0-py3.10.egg-info
[3.102s] running install_scripts
[3.183s] Installing crane script to /home/putra-adnyana/kuliah/magang-bayucaraka/fp/src/ros_ws/install/crane/lib/crane
[3.183s] writing list of installed files to '/home/putra-adnyana/kuliah/magang-bayucaraka/fp/src/ros_ws/build/crane/install.log'
[3.232s] Invoked command in '/home/putra-adnyana/kuliah/magang-bayucaraka/fp/src/ros_ws/src/crane' returned '0': PYTHONPATH=/home/putra-adnyana/kuliah/magang-bayucaraka/fp/src/ros_ws/build/crane/prefix_override:/usr/lib/python3/dist-packages/colcon_core/task/python/colcon_distutils_commands:/home/putra-adnyana/kuliah/magang-bayucaraka/fp/src/ros_ws/install/crane/lib/python3.10/site-packages:${PYTHONPATH} VIRTUAL_ENV_PROMPT=(.venv) /usr/bin/python3 -W ignore:setup.py install is deprecated -W ignore:easy_install command is deprecated setup.py egg_info --egg-base ../../build/crane build --build-base /home/putra-adnyana/kuliah/magang-bayucaraka/fp/src/ros_ws/build/crane/build install --record /home/putra-adnyana/kuliah/magang-bayucaraka/fp/src/ros_ws/build/crane/install.log --single-version-externally-managed install_data
