[0.999s] Invoking command in '/home/putra-adnyana/kuliah/magang-bayucaraka/fp/src/ros_ws/build/crane_interface': CMAKE_PREFIX_PATH=/opt/ros/humble VIRTUAL_ENV_PROMPT=(.venv) /usr/bin/cmake /home/putra-adnyana/kuliah/magang-bayucaraka/fp/src/ros_ws/src/crane_interface -DCMAKE_INSTALL_PREFIX=/home/putra-adnyana/kuliah/magang-bayucaraka/fp/src/ros_ws/install/crane_interface
[1.141s] -- The C compiler identification is GNU 11.4.0
[1.294s] -- The CXX compiler identification is GNU 11.4.0
[1.322s] -- Detecting C compiler ABI info
[1.473s] -- Detecting C compiler ABI info - done
[1.489s] -- Check for working C compiler: /usr/lib/ccache/cc - skipped
[1.493s] -- Detecting C compile features
[1.493s] -- Detecting C compile features - done
[1.500s] -- Detecting CXX compiler ABI info
[1.672s] -- Detecting CXX compiler ABI info - done
[1.690s] -- Check for working CXX compiler: /usr/lib/ccache/c++ - skipped
[1.691s] -- Detecting CXX compile features
[1.692s] -- Detecting CXX compile features - done
[1.705s] -- Found ament_cmake: 1.3.12 (/opt/ros/humble/share/ament_cmake/cmake)
[2.010s] -- Found Python3: /home/putra-adnyana/kuliah/magang-bayucaraka/fp/.venv/bin/python3 (found version "3.10.12") found components: Interpreter 
[2.203s] -- Found std_srvs: 4.9.0 (/opt/ros/humble/share/std_srvs/cmake)
[2.287s] -- Found rosidl_generator_c: 3.1.8 (/opt/ros/humble/share/rosidl_generator_c/cmake)
[2.299s] -- Found rosidl_adapter: 3.1.8 (/opt/ros/humble/share/rosidl_adapter/cmake)
[2.318s] -- Found rosidl_generator_cpp: 3.1.8 (/opt/ros/humble/share/rosidl_generator_cpp/cmake)
[2.348s] -- Using all available rosidl_typesupport_c: rosidl_typesupport_fastrtps_c;rosidl_typesupport_introspection_c
[2.384s] -- Using all available rosidl_typesupport_cpp: rosidl_typesupport_fastrtps_cpp;rosidl_typesupport_introspection_cpp
[2.655s] [31mCMake Error at /opt/ros/humble/share/rosidl_adapter/cmake/rosidl_adapt_interfaces.cmake:59 (message):
[2.655s]   
[2.656s]   execute_process(/home/putra-adnyana/kuliah/magang-bayucaraka/fp/.venv/bin/python3
[2.656s]   -m rosidl_adapter --package-name crane_interface --arguments-file
[2.656s]   /home/putra-adnyana/kuliah/magang-bayucaraka/fp/src/ros_ws/build/crane_interface/rosidl_adapter__arguments__crane_interface.json
[2.656s]   --output-dir
[2.657s]   /home/putra-adnyana/kuliah/magang-bayucaraka/fp/src/ros_ws/build/crane_interface/rosidl_adapter/crane_interface
[2.657s]   --output-file
[2.657s]   /home/putra-adnyana/kuliah/magang-bayucaraka/fp/src/ros_ws/build/crane_interface/rosidl_adapter/crane_interface.idls)
[2.657s]   returned error code 1:
[2.657s] 
[2.658s]   Error with: crane_interface MoveTo_Response std_srvs/srv/Empty
[2.658s] 
[2.658s]   Traceback (most recent call last):
[2.658s] 
[2.659s]     File "/usr/lib/python3.10/runpy.py", line 196, in _run_module_as_main
[2.659s]       return _run_code(code, main_globals, None,
[2.659s]     File "/usr/lib/python3.10/runpy.py", line 86, in _run_code
[2.659s]       exec(code, run_globals)
[2.659s]     File "/opt/ros/humble/local/lib/python3.10/dist-packages/rosidl_adapter/__main__.py", line 19, in <module>
[2.659s]       sys.exit(main())
[2.659s]     File "/opt/ros/humble/local/lib/python3.10/dist-packages/rosidl_adapter/main.py", line 53, in main
[2.659s]       abs_idl_file = convert_to_idl(
[2.660s]     File "/opt/ros/humble/local/lib/python3.10/dist-packages/rosidl_adapter/__init__.py", line 24, in convert_to_idl
[2.660s]       return convert_srv_to_idl(
[2.660s]     File "/opt/ros/humble/local/lib/python3.10/dist-packages/rosidl_adapter/srv/__init__.py", line 28, in convert_srv_to_idl
[2.660s]       srv = parse_service_string(package_name, input_file.stem, content)
[2.660s]     File "/opt/ros/humble/local/lib/python3.10/dist-packages/rosidl_adapter/parser.py", line 863, in parse_service_string
[2.660s]       response_message = parse_message_string(
[2.660s]     File "/opt/ros/humble/local/lib/python3.10/dist-packages/rosidl_adapter/parser.py", line 510, in parse_message_string
[2.660s]       raise InvalidFieldDefinition(line)
[2.660s] 
[2.661s]   rosidl_adapter.parser.InvalidFieldDefinition: std_srvs/srv/Empty
[2.661s] 
[2.661s] Call Stack (most recent call first):
[2.661s]   /opt/ros/humble/share/rosidl_cmake/cmake/rosidl_generate_interfaces.cmake:130 (rosidl_adapt_interfaces)
[2.661s]   CMakeLists.txt:15 (rosidl_generate_interfaces)
[2.661s] 
[2.661s] [0m
[2.661s] -- Configuring incomplete, errors occurred!
[2.662s] See also "/home/putra-adnyana/kuliah/magang-bayucaraka/fp/src/ros_ws/build/crane_interface/CMakeFiles/CMakeOutput.log".
[2.671s] Invoked command in '/home/putra-adnyana/kuliah/magang-bayucaraka/fp/src/ros_ws/build/crane_interface' returned '1': CMAKE_PREFIX_PATH=/opt/ros/humble VIRTUAL_ENV_PROMPT=(.venv) /usr/bin/cmake /home/putra-adnyana/kuliah/magang-bayucaraka/fp/src/ros_ws/src/crane_interface -DCMAKE_INSTALL_PREFIX=/home/putra-adnyana/kuliah/magang-bayucaraka/fp/src/ros_ws/install/crane_interface
