[0.716s] Invoking command in '/home/putra-adnyana/kuliah/magang-bayucaraka/FP-Bayucaraka/programming/revisi/ros_ws/src/camera': PYTHONPATH=/home/putra-adnyana/kuliah/magang-bayucaraka/FP-Bayucaraka/programming/revisi/ros_ws/build/camera/prefix_override:/usr/lib/python3/dist-packages/colcon_core/task/python/colcon_distutils_commands:/home/putra-adnyana/kuliah/magang-bayucaraka/FP-Bayucaraka/programming/revisi/ros_ws/install/camera/lib/python3.10/site-packages:${PYTHONPATH} /usr/bin/python3 -W ignore:setup.py install is deprecated -W ignore:easy_install command is deprecated setup.py egg_info --egg-base ../../build/camera build --build-base /home/putra-adnyana/kuliah/magang-bayucaraka/FP-Bayucaraka/programming/revisi/ros_ws/build/camera/build install --record /home/putra-adnyana/kuliah/magang-bayucaraka/FP-Bayucaraka/programming/revisi/ros_ws/build/camera/install.log --single-version-externally-managed install_data
[0.892s] running egg_info
[0.904s] writing ../../build/camera/camera.egg-info/PKG-INFO
[0.905s] writing dependency_links to ../../build/camera/camera.egg-info/dependency_links.txt
[0.905s] writing entry points to ../../build/camera/camera.egg-info/entry_points.txt
[0.905s] writing requirements to ../../build/camera/camera.egg-info/requires.txt
[0.905s] writing top-level names to ../../build/camera/camera.egg-info/top_level.txt
[0.930s] reading manifest file '../../build/camera/camera.egg-info/SOURCES.txt'
[0.931s] writing manifest file '../../build/camera/camera.egg-info/SOURCES.txt'
[0.931s] running build
[0.931s] running build_py
[0.931s] copying camera/__init__.py -> /home/putra-adnyana/kuliah/magang-bayucaraka/FP-Bayucaraka/programming/revisi/ros_ws/build/camera/build/lib/camera
[0.932s] running install
[0.935s] running install_lib
[0.947s] copying /home/putra-adnyana/kuliah/magang-bayucaraka/FP-Bayucaraka/programming/revisi/ros_ws/build/camera/build/lib/camera/__init__.py -> /home/putra-adnyana/kuliah/magang-bayucaraka/FP-Bayucaraka/programming/revisi/ros_ws/install/camera/lib/python3.10/site-packages/camera
[0.947s] byte-compiling /home/putra-adnyana/kuliah/magang-bayucaraka/FP-Bayucaraka/programming/revisi/ros_ws/install/camera/lib/python3.10/site-packages/camera/__init__.py to __init__.cpython-310.pyc
[0.948s] running install_data
[0.949s] copying resource/camera -> /home/putra-adnyana/kuliah/magang-bayucaraka/FP-Bayucaraka/programming/revisi/ros_ws/install/camera/share/ament_index/resource_index/packages
[0.949s] copying package.xml -> /home/putra-adnyana/kuliah/magang-bayucaraka/FP-Bayucaraka/programming/revisi/ros_ws/install/camera/share/camera
[0.949s] running install_egg_info
[0.961s] removing '/home/putra-adnyana/kuliah/magang-bayucaraka/FP-Bayucaraka/programming/revisi/ros_ws/install/camera/lib/python3.10/site-packages/camera-0.0.0-py3.10.egg-info' (and everything under it)
[0.961s] Copying ../../build/camera/camera.egg-info to /home/putra-adnyana/kuliah/magang-bayucaraka/FP-Bayucaraka/programming/revisi/ros_ws/install/camera/lib/python3.10/site-packages/camera-0.0.0-py3.10.egg-info
[0.962s] running install_scripts
[0.987s] Installing camera script to /home/putra-adnyana/kuliah/magang-bayucaraka/FP-Bayucaraka/programming/revisi/ros_ws/install/camera/lib/camera
[0.987s] writing list of installed files to '/home/putra-adnyana/kuliah/magang-bayucaraka/FP-Bayucaraka/programming/revisi/ros_ws/build/camera/install.log'
[1.011s] Invoked command in '/home/putra-adnyana/kuliah/magang-bayucaraka/FP-Bayucaraka/programming/revisi/ros_ws/src/camera' returned '0': PYTHONPATH=/home/putra-adnyana/kuliah/magang-bayucaraka/FP-Bayucaraka/programming/revisi/ros_ws/build/camera/prefix_override:/usr/lib/python3/dist-packages/colcon_core/task/python/colcon_distutils_commands:/home/putra-adnyana/kuliah/magang-bayucaraka/FP-Bayucaraka/programming/revisi/ros_ws/install/camera/lib/python3.10/site-packages:${PYTHONPATH} /usr/bin/python3 -W ignore:setup.py install is deprecated -W ignore:easy_install command is deprecated setup.py egg_info --egg-base ../../build/camera build --build-base /home/putra-adnyana/kuliah/magang-bayucaraka/FP-Bayucaraka/programming/revisi/ros_ws/build/camera/build install --record /home/putra-adnyana/kuliah/magang-bayucaraka/FP-Bayucaraka/programming/revisi/ros_ws/build/camera/install.log --single-version-externally-managed install_data
